[2018-03-22 15:12:13,772] INFO [controller-event-thread]: Starting (kafka.controller.ControllerEventManager$ControllerEventThread)
[2018-03-22 15:12:13,809] INFO [Controller id=0] 0 successfully elected as the controller (kafka.controller.KafkaController)
[2018-03-22 15:12:13,809] INFO [Controller id=0] Starting become controller state transition (kafka.controller.KafkaController)
[2018-03-22 15:12:13,812] INFO [Controller id=0] Initialized controller epoch to 6 and zk version 5 (kafka.controller.KafkaController)
[2018-03-22 15:12:13,819] INFO [Controller id=0] Incremented epoch to 7 (kafka.controller.KafkaController)
[2018-03-22 15:12:13,823] DEBUG [Controller id=0] Registering IsrChangeNotificationListener (kafka.controller.KafkaController)
[2018-03-22 15:12:13,830] DEBUG [Controller id=0] Registering logDirEventNotificationListener (kafka.controller.KafkaController)
[2018-03-22 15:12:13,913] INFO [Controller id=0] Partitions being reassigned: Map() (kafka.controller.KafkaController)
[2018-03-22 15:12:13,914] INFO [Controller id=0] Partitions already reassigned: Set() (kafka.controller.KafkaController)
[2018-03-22 15:12:13,915] INFO [Controller id=0] Resuming reassignment of partitions: Map() (kafka.controller.KafkaController)
[2018-03-22 15:12:13,917] INFO [Controller id=0] Currently active brokers in the cluster: Set() (kafka.controller.KafkaController)
[2018-03-22 15:12:13,918] INFO [Controller id=0] Currently shutting brokers in the cluster: Set() (kafka.controller.KafkaController)
[2018-03-22 15:12:13,918] INFO [Controller id=0] Current list of topics in the cluster: Set(data_change_events, __consumer_offsets) (kafka.controller.KafkaController)
[2018-03-22 15:12:13,923] INFO [Controller id=0] List of topics to be deleted:  (kafka.controller.KafkaController)
[2018-03-22 15:12:13,923] INFO [Controller id=0] List of topics ineligible for deletion: __consumer_offsets,data_change_events (kafka.controller.KafkaController)
[2018-03-22 15:12:13,951] INFO [ReplicaStateMachine controllerId=0] Started replica state machine with initial state -> Map([Topic=__consumer_offsets,Partition=39,Replica=0] -> ReplicaDeletionIneligible, [Topic=__consumer_offsets,Partition=21,Replica=0] -> ReplicaDeletionIneligible, [Topic=__consumer_offsets,Partition=6,Replica=0] -> ReplicaDeletionIneligible, [Topic=__consumer_offsets,Partition=33,Replica=0] -> ReplicaDeletionIneligible, [Topic=__consumer_offsets,Partition=12,Replica=0] -> ReplicaDeletionIneligible, [Topic=__consumer_offsets,Partition=17,Replica=0] -> ReplicaDeletionIneligible, [Topic=__consumer_offsets,Partition=9,Replica=0] -> ReplicaDeletionIneligible, [Topic=__consumer_offsets,Partition=20,Replica=0] -> ReplicaDeletionIneligible, [Topic=__consumer_offsets,Partition=3,Replica=0] -> ReplicaDeletionIneligible, [Topic=__consumer_offsets,Partition=19,Replica=0] -> ReplicaDeletionIneligible, [Topic=__consumer_offsets,Partition=49,Replica=0] -> ReplicaDeletionIneligible, [Topic=__consumer_offsets,Partition=45,Replica=0] -> ReplicaDeletionIneligible, [Topic=__consumer_offsets,Partition=22,Replica=0] -> ReplicaDeletionIneligible, [Topic=__consumer_offsets,Partition=27,Replica=0] -> ReplicaDeletionIneligible, [Topic=__consumer_offsets,Partition=32,Replica=0] -> ReplicaDeletionIneligible, [Topic=__consumer_offsets,Partition=11,Replica=0] -> ReplicaDeletionIneligible, [Topic=__consumer_offsets,Partition=42,Replica=0] -> ReplicaDeletionIneligible, [Topic=__consumer_offsets,Partition=48,Replica=0] -> ReplicaDeletionIneligible, [Topic=__consumer_offsets,Partition=43,Replica=0] -> ReplicaDeletionIneligible, [Topic=__consumer_offsets,Partition=38,Replica=0] -> ReplicaDeletionIneligible, [Topic=__consumer_offsets,Partition=8,Replica=0] -> ReplicaDeletionIneligible, [Topic=__consumer_offsets,Partition=28,Replica=0] -> ReplicaDeletionIneligible, [Topic=__consumer_offsets,Partition=2,Replica=0] -> ReplicaDeletionIneligible, [Topic=__consumer_offsets,Partition=29,Replica=0] -> ReplicaDeletionIneligible, [Topic=__consumer_offsets,Partition=36,Replica=0] -> ReplicaDeletionIneligible, [Topic=__consumer_offsets,Partition=40,Replica=0] -> ReplicaDeletionIneligible, [Topic=__consumer_offsets,Partition=16,Replica=0] -> ReplicaDeletionIneligible, [Topic=__consumer_offsets,Partition=15,Replica=0] -> ReplicaDeletionIneligible, [Topic=data_change_events,Partition=0,Replica=0] -> ReplicaDeletionIneligible, [Topic=__consumer_offsets,Partition=46,Replica=0] -> ReplicaDeletionIneligible, [Topic=__consumer_offsets,Partition=1,Replica=0] -> ReplicaDeletionIneligible, [Topic=__consumer_offsets,Partition=44,Replica=0] -> ReplicaDeletionIneligible, [Topic=__consumer_offsets,Partition=23,Replica=0] -> ReplicaDeletionIneligible, [Topic=__consumer_offsets,Partition=4,Replica=0] -> ReplicaDeletionIneligible, [Topic=__consumer_offsets,Partition=26,Replica=0] -> ReplicaDeletionIneligible, [Topic=__consumer_offsets,Partition=30,Replica=0] -> ReplicaDeletionIneligible, [Topic=__consumer_offsets,Partition=34,Replica=0] -> ReplicaDeletionIneligible, [Topic=__consumer_offsets,Partition=37,Replica=0] -> ReplicaDeletionIneligible, [Topic=__consumer_offsets,Partition=10,Replica=0] -> ReplicaDeletionIneligible, [Topic=__consumer_offsets,Partition=18,Replica=0] -> ReplicaDeletionIneligible, [Topic=__consumer_offsets,Partition=7,Replica=0] -> ReplicaDeletionIneligible, [Topic=__consumer_offsets,Partition=31,Replica=0] -> ReplicaDeletionIneligible, [Topic=__consumer_offsets,Partition=24,Replica=0] -> ReplicaDeletionIneligible, [Topic=__consumer_offsets,Partition=41,Replica=0] -> ReplicaDeletionIneligible, [Topic=__consumer_offsets,Partition=0,Replica=0] -> ReplicaDeletionIneligible, [Topic=__consumer_offsets,Partition=14,Replica=0] -> ReplicaDeletionIneligible, [Topic=__consumer_offsets,Partition=5,Replica=0] -> ReplicaDeletionIneligible, [Topic=__consumer_offsets,Partition=13,Replica=0] -> ReplicaDeletionIneligible, [Topic=__consumer_offsets,Partition=25,Replica=0] -> ReplicaDeletionIneligible, [Topic=__consumer_offsets,Partition=47,Replica=0] -> ReplicaDeletionIneligible, [Topic=__consumer_offsets,Partition=35,Replica=0] -> ReplicaDeletionIneligible) (kafka.controller.ReplicaStateMachine)
[2018-03-22 15:12:14,057] INFO [PartitionStateMachine controllerId=0] Started partition state machine with initial state -> Map(__consumer_offsets-19 -> OfflinePartition, __consumer_offsets-30 -> OfflinePartition, __consumer_offsets-47 -> OfflinePartition, __consumer_offsets-29 -> OfflinePartition, __consumer_offsets-41 -> OfflinePartition, __consumer_offsets-39 -> OfflinePartition, __consumer_offsets-10 -> OfflinePartition, __consumer_offsets-17 -> OfflinePartition, __consumer_offsets-14 -> OfflinePartition, __consumer_offsets-40 -> OfflinePartition, __consumer_offsets-18 -> OfflinePartition, __consumer_offsets-26 -> OfflinePartition, __consumer_offsets-0 -> OfflinePartition, __consumer_offsets-24 -> OfflinePartition, __consumer_offsets-33 -> OfflinePartition, __consumer_offsets-20 -> OfflinePartition, __consumer_offsets-21 -> OfflinePartition, __consumer_offsets-3 -> OfflinePartition, __consumer_offsets-22 -> OfflinePartition, __consumer_offsets-5 -> OfflinePartition, data_change_events-0 -> OfflinePartition, __consumer_offsets-12 -> OfflinePartition, __consumer_offsets-8 -> OfflinePartition, __consumer_offsets-23 -> OfflinePartition, __consumer_offsets-15 -> OfflinePartition, __consumer_offsets-48 -> OfflinePartition, __consumer_offsets-11 -> OfflinePartition, __consumer_offsets-13 -> OfflinePartition, __consumer_offsets-49 -> OfflinePartition, __consumer_offsets-6 -> OfflinePartition, __consumer_offsets-28 -> OfflinePartition, __consumer_offsets-4 -> OfflinePartition, __consumer_offsets-37 -> OfflinePartition, __consumer_offsets-31 -> OfflinePartition, __consumer_offsets-44 -> OfflinePartition, __consumer_offsets-42 -> OfflinePartition, __consumer_offsets-34 -> OfflinePartition, __consumer_offsets-46 -> OfflinePartition, __consumer_offsets-25 -> OfflinePartition, __consumer_offsets-45 -> OfflinePartition, __consumer_offsets-27 -> OfflinePartition, __consumer_offsets-32 -> OfflinePartition, __consumer_offsets-43 -> OfflinePartition, __consumer_offsets-36 -> OfflinePartition, __consumer_offsets-35 -> OfflinePartition, __consumer_offsets-7 -> OfflinePartition, __consumer_offsets-9 -> OfflinePartition, __consumer_offsets-38 -> OfflinePartition, __consumer_offsets-1 -> OfflinePartition, __consumer_offsets-2 -> OfflinePartition, __consumer_offsets-16 -> OfflinePartition) (kafka.controller.PartitionStateMachine)
[2018-03-22 15:12:14,060] INFO [Controller id=0] Ready to serve as the new controller with epoch 7 (kafka.controller.KafkaController)
[2018-03-22 15:12:14,063] INFO [Controller id=0] Partitions undergoing preferred replica election:  (kafka.controller.KafkaController)
[2018-03-22 15:12:14,064] INFO [Controller id=0] Partitions that completed preferred replica election:  (kafka.controller.KafkaController)
[2018-03-22 15:12:14,064] INFO [Controller id=0] Skipping preferred replica election for partitions due to topic deletion:  (kafka.controller.KafkaController)
[2018-03-22 15:12:14,065] INFO [Controller id=0] Resuming preferred replica election for partitions:  (kafka.controller.KafkaController)
[2018-03-22 15:12:14,065] INFO [Controller id=0] Starting preferred replica leader election for partitions  (kafka.controller.KafkaController)
[2018-03-22 15:12:14,066] INFO [PartitionStateMachine controllerId=0] Invoking state change to OnlinePartition for partitions  (kafka.controller.PartitionStateMachine)
[2018-03-22 15:12:14,069] INFO [Controller id=0] Starting the controller scheduler (kafka.controller.KafkaController)
[2018-03-22 15:12:14,081] INFO [Controller id=0] Newly added brokers: 0, deleted brokers: , all live brokers: 0 (kafka.controller.KafkaController)
[2018-03-22 15:12:14,082] DEBUG [Channel manager on controller 0]: Controller 0 trying to connect to broker 0 (kafka.controller.ControllerChannelManager)
[2018-03-22 15:12:14,089] INFO [Controller-0-to-broker-0-send-thread]: Starting (kafka.controller.RequestSendThread)
[2018-03-22 15:12:14,089] INFO [Controller id=0] New broker startup callback for 0 (kafka.controller.KafkaController)
[2018-03-22 15:12:14,103] INFO [Controller-0-to-broker-0-send-thread]: Controller 0 connected to 192.168.120.181:9092 (id: 0 rack: null) for sending state change requests (kafka.controller.RequestSendThread)
[2018-03-22 15:12:14,109] INFO [ReplicaStateMachine controllerId=0] Invoking state change to OnlineReplica for replicas [Topic=__consumer_offsets,Partition=25,Replica=0],[Topic=__consumer_offsets,Partition=12,Replica=0],[Topic=data_change_events,Partition=0,Replica=0],[Topic=__consumer_offsets,Partition=31,Replica=0],[Topic=__consumer_offsets,Partition=40,Replica=0],[Topic=__consumer_offsets,Partition=35,Replica=0],[Topic=__consumer_offsets,Partition=9,Replica=0],[Topic=__consumer_offsets,Partition=43,Replica=0],[Topic=__consumer_offsets,Partition=2,Replica=0],[Topic=__consumer_offsets,Partition=11,Replica=0],[Topic=__consumer_offsets,Partition=29,Replica=0],[Topic=__consumer_offsets,Partition=30,Replica=0],[Topic=__consumer_offsets,Partition=4,Replica=0],[Topic=__consumer_offsets,Partition=42,Replica=0],[Topic=__consumer_offsets,Partition=26,Replica=0],[Topic=__consumer_offsets,Partition=34,Replica=0],[Topic=__consumer_offsets,Partition=17,Replica=0],[Topic=__consumer_offsets,Partition=37,Replica=0],[Topic=__consumer_offsets,Partition=27,Replica=0],[Topic=__consumer_offsets,Partition=10,Replica=0],[Topic=__consumer_offsets,Partition=41,Replica=0],[Topic=__consumer_offsets,Partition=20,Replica=0],[Topic=__consumer_offsets,Partition=28,Replica=0],[Topic=__consumer_offsets,Partition=46,Replica=0],[Topic=__consumer_offsets,Partition=39,Replica=0],[Topic=__consumer_offsets,Partition=47,Replica=0],[Topic=__consumer_offsets,Partition=49,Replica=0],[Topic=__consumer_offsets,Partition=22,Replica=0],[Topic=__consumer_offsets,Partition=1,Replica=0],[Topic=__consumer_offsets,Partition=24,Replica=0],[Topic=__consumer_offsets,Partition=6,Replica=0],[Topic=__consumer_offsets,Partition=36,Replica=0],[Topic=__consumer_offsets,Partition=8,Replica=0],[Topic=__consumer_offsets,Partition=38,Replica=0],[Topic=__consumer_offsets,Partition=16,Replica=0],[Topic=__consumer_offsets,Partition=21,Replica=0],[Topic=__consumer_offsets,Partition=18,Replica=0],[Topic=__consumer_offsets,Partition=0,Replica=0],[Topic=__consumer_offsets,Partition=48,Replica=0],[Topic=__consumer_offsets,Partition=5,Replica=0],[Topic=__consumer_offsets,Partition=13,Replica=0],[Topic=__consumer_offsets,Partition=3,Replica=0],[Topic=__consumer_offsets,Partition=44,Replica=0],[Topic=__consumer_offsets,Partition=15,Replica=0],[Topic=__consumer_offsets,Partition=7,Replica=0],[Topic=__consumer_offsets,Partition=19,Replica=0],[Topic=__consumer_offsets,Partition=33,Replica=0],[Topic=__consumer_offsets,Partition=45,Replica=0],[Topic=__consumer_offsets,Partition=23,Replica=0],[Topic=__consumer_offsets,Partition=32,Replica=0],[Topic=__consumer_offsets,Partition=14,Replica=0] (kafka.controller.ReplicaStateMachine)
[2018-03-22 15:12:14,133] DEBUG [OfflinePartitionLeaderSelector]: Some broker in ISR is alive for __consumer_offsets-19. Select 0 from ISR 0 to be the leader. (kafka.controller.OfflinePartitionLeaderSelector)
[2018-03-22 15:12:14,133] INFO [OfflinePartitionLeaderSelector]: Selected new leader and ISR {"leader":0,"leader_epoch":2,"isr":[0]} for offline partition __consumer_offsets-19 (kafka.controller.OfflinePartitionLeaderSelector)
[2018-03-22 15:12:14,137] DEBUG [PartitionStateMachine controllerId=0] After leader election, leader cache for __consumer_offsets-19 is updated to (Leader:0,ISR:0,LeaderEpoch:2,ControllerEpoch:7) (kafka.controller.PartitionStateMachine)
[2018-03-22 15:12:14,139] DEBUG [OfflinePartitionLeaderSelector]: Some broker in ISR is alive for __consumer_offsets-30. Select 0 from ISR 0 to be the leader. (kafka.controller.OfflinePartitionLeaderSelector)
[2018-03-22 15:12:14,139] INFO [OfflinePartitionLeaderSelector]: Selected new leader and ISR {"leader":0,"leader_epoch":2,"isr":[0]} for offline partition __consumer_offsets-30 (kafka.controller.OfflinePartitionLeaderSelector)
[2018-03-22 15:12:14,140] DEBUG [PartitionStateMachine controllerId=0] After leader election, leader cache for __consumer_offsets-30 is updated to (Leader:0,ISR:0,LeaderEpoch:2,ControllerEpoch:7) (kafka.controller.PartitionStateMachine)
[2018-03-22 15:12:14,141] DEBUG [OfflinePartitionLeaderSelector]: Some broker in ISR is alive for __consumer_offsets-47. Select 0 from ISR 0 to be the leader. (kafka.controller.OfflinePartitionLeaderSelector)
[2018-03-22 15:12:14,141] INFO [OfflinePartitionLeaderSelector]: Selected new leader and ISR {"leader":0,"leader_epoch":2,"isr":[0]} for offline partition __consumer_offsets-47 (kafka.controller.OfflinePartitionLeaderSelector)
[2018-03-22 15:12:14,143] DEBUG [PartitionStateMachine controllerId=0] After leader election, leader cache for __consumer_offsets-47 is updated to (Leader:0,ISR:0,LeaderEpoch:2,ControllerEpoch:7) (kafka.controller.PartitionStateMachine)
[2018-03-22 15:12:14,144] DEBUG [OfflinePartitionLeaderSelector]: Some broker in ISR is alive for __consumer_offsets-29. Select 0 from ISR 0 to be the leader. (kafka.controller.OfflinePartitionLeaderSelector)
[2018-03-22 15:12:14,144] INFO [OfflinePartitionLeaderSelector]: Selected new leader and ISR {"leader":0,"leader_epoch":2,"isr":[0]} for offline partition __consumer_offsets-29 (kafka.controller.OfflinePartitionLeaderSelector)
[2018-03-22 15:12:14,146] DEBUG [PartitionStateMachine controllerId=0] After leader election, leader cache for __consumer_offsets-29 is updated to (Leader:0,ISR:0,LeaderEpoch:2,ControllerEpoch:7) (kafka.controller.PartitionStateMachine)
[2018-03-22 15:12:14,146] DEBUG [OfflinePartitionLeaderSelector]: Some broker in ISR is alive for __consumer_offsets-41. Select 0 from ISR 0 to be the leader. (kafka.controller.OfflinePartitionLeaderSelector)
[2018-03-22 15:12:14,147] INFO [OfflinePartitionLeaderSelector]: Selected new leader and ISR {"leader":0,"leader_epoch":2,"isr":[0]} for offline partition __consumer_offsets-41 (kafka.controller.OfflinePartitionLeaderSelector)
[2018-03-22 15:12:14,148] DEBUG [PartitionStateMachine controllerId=0] After leader election, leader cache for __consumer_offsets-41 is updated to (Leader:0,ISR:0,LeaderEpoch:2,ControllerEpoch:7) (kafka.controller.PartitionStateMachine)
[2018-03-22 15:12:14,149] DEBUG [OfflinePartitionLeaderSelector]: Some broker in ISR is alive for __consumer_offsets-39. Select 0 from ISR 0 to be the leader. (kafka.controller.OfflinePartitionLeaderSelector)
[2018-03-22 15:12:14,149] INFO [OfflinePartitionLeaderSelector]: Selected new leader and ISR {"leader":0,"leader_epoch":2,"isr":[0]} for offline partition __consumer_offsets-39 (kafka.controller.OfflinePartitionLeaderSelector)
[2018-03-22 15:12:14,151] DEBUG [PartitionStateMachine controllerId=0] After leader election, leader cache for __consumer_offsets-39 is updated to (Leader:0,ISR:0,LeaderEpoch:2,ControllerEpoch:7) (kafka.controller.PartitionStateMachine)
[2018-03-22 15:12:14,152] DEBUG [OfflinePartitionLeaderSelector]: Some broker in ISR is alive for __consumer_offsets-10. Select 0 from ISR 0 to be the leader. (kafka.controller.OfflinePartitionLeaderSelector)
[2018-03-22 15:12:14,152] INFO [OfflinePartitionLeaderSelector]: Selected new leader and ISR {"leader":0,"leader_epoch":2,"isr":[0]} for offline partition __consumer_offsets-10 (kafka.controller.OfflinePartitionLeaderSelector)
[2018-03-22 15:12:14,154] DEBUG [PartitionStateMachine controllerId=0] After leader election, leader cache for __consumer_offsets-10 is updated to (Leader:0,ISR:0,LeaderEpoch:2,ControllerEpoch:7) (kafka.controller.PartitionStateMachine)
[2018-03-22 15:12:14,155] DEBUG [OfflinePartitionLeaderSelector]: Some broker in ISR is alive for __consumer_offsets-17. Select 0 from ISR 0 to be the leader. (kafka.controller.OfflinePartitionLeaderSelector)
[2018-03-22 15:12:14,155] INFO [OfflinePartitionLeaderSelector]: Selected new leader and ISR {"leader":0,"leader_epoch":2,"isr":[0]} for offline partition __consumer_offsets-17 (kafka.controller.OfflinePartitionLeaderSelector)
[2018-03-22 15:12:14,157] DEBUG [PartitionStateMachine controllerId=0] After leader election, leader cache for __consumer_offsets-17 is updated to (Leader:0,ISR:0,LeaderEpoch:2,ControllerEpoch:7) (kafka.controller.PartitionStateMachine)
[2018-03-22 15:12:14,158] DEBUG [OfflinePartitionLeaderSelector]: Some broker in ISR is alive for __consumer_offsets-14. Select 0 from ISR 0 to be the leader. (kafka.controller.OfflinePartitionLeaderSelector)
[2018-03-22 15:12:14,158] INFO [OfflinePartitionLeaderSelector]: Selected new leader and ISR {"leader":0,"leader_epoch":2,"isr":[0]} for offline partition __consumer_offsets-14 (kafka.controller.OfflinePartitionLeaderSelector)
[2018-03-22 15:12:14,160] DEBUG [PartitionStateMachine controllerId=0] After leader election, leader cache for __consumer_offsets-14 is updated to (Leader:0,ISR:0,LeaderEpoch:2,ControllerEpoch:7) (kafka.controller.PartitionStateMachine)
[2018-03-22 15:12:14,161] DEBUG [OfflinePartitionLeaderSelector]: Some broker in ISR is alive for __consumer_offsets-40. Select 0 from ISR 0 to be the leader. (kafka.controller.OfflinePartitionLeaderSelector)
[2018-03-22 15:12:14,162] INFO [OfflinePartitionLeaderSelector]: Selected new leader and ISR {"leader":0,"leader_epoch":2,"isr":[0]} for offline partition __consumer_offsets-40 (kafka.controller.OfflinePartitionLeaderSelector)
[2018-03-22 15:12:14,163] DEBUG [PartitionStateMachine controllerId=0] After leader election, leader cache for __consumer_offsets-40 is updated to (Leader:0,ISR:0,LeaderEpoch:2,ControllerEpoch:7) (kafka.controller.PartitionStateMachine)
[2018-03-22 15:12:14,164] DEBUG [OfflinePartitionLeaderSelector]: Some broker in ISR is alive for __consumer_offsets-18. Select 0 from ISR 0 to be the leader. (kafka.controller.OfflinePartitionLeaderSelector)
[2018-03-22 15:12:14,165] INFO [OfflinePartitionLeaderSelector]: Selected new leader and ISR {"leader":0,"leader_epoch":2,"isr":[0]} for offline partition __consumer_offsets-18 (kafka.controller.OfflinePartitionLeaderSelector)
[2018-03-22 15:12:14,166] DEBUG [PartitionStateMachine controllerId=0] After leader election, leader cache for __consumer_offsets-18 is updated to (Leader:0,ISR:0,LeaderEpoch:2,ControllerEpoch:7) (kafka.controller.PartitionStateMachine)
[2018-03-22 15:12:14,167] DEBUG [OfflinePartitionLeaderSelector]: Some broker in ISR is alive for __consumer_offsets-26. Select 0 from ISR 0 to be the leader. (kafka.controller.OfflinePartitionLeaderSelector)
[2018-03-22 15:12:14,168] INFO [OfflinePartitionLeaderSelector]: Selected new leader and ISR {"leader":0,"leader_epoch":2,"isr":[0]} for offline partition __consumer_offsets-26 (kafka.controller.OfflinePartitionLeaderSelector)
[2018-03-22 15:12:14,169] DEBUG [PartitionStateMachine controllerId=0] After leader election, leader cache for __consumer_offsets-26 is updated to (Leader:0,ISR:0,LeaderEpoch:2,ControllerEpoch:7) (kafka.controller.PartitionStateMachine)
[2018-03-22 15:12:14,170] DEBUG [OfflinePartitionLeaderSelector]: Some broker in ISR is alive for __consumer_offsets-0. Select 0 from ISR 0 to be the leader. (kafka.controller.OfflinePartitionLeaderSelector)
[2018-03-22 15:12:14,170] INFO [OfflinePartitionLeaderSelector]: Selected new leader and ISR {"leader":0,"leader_epoch":2,"isr":[0]} for offline partition __consumer_offsets-0 (kafka.controller.OfflinePartitionLeaderSelector)
[2018-03-22 15:12:14,172] DEBUG [PartitionStateMachine controllerId=0] After leader election, leader cache for __consumer_offsets-0 is updated to (Leader:0,ISR:0,LeaderEpoch:2,ControllerEpoch:7) (kafka.controller.PartitionStateMachine)
[2018-03-22 15:12:14,173] DEBUG [OfflinePartitionLeaderSelector]: Some broker in ISR is alive for __consumer_offsets-24. Select 0 from ISR 0 to be the leader. (kafka.controller.OfflinePartitionLeaderSelector)
[2018-03-22 15:12:14,173] INFO [OfflinePartitionLeaderSelector]: Selected new leader and ISR {"leader":0,"leader_epoch":2,"isr":[0]} for offline partition __consumer_offsets-24 (kafka.controller.OfflinePartitionLeaderSelector)
[2018-03-22 15:12:14,175] DEBUG [PartitionStateMachine controllerId=0] After leader election, leader cache for __consumer_offsets-24 is updated to (Leader:0,ISR:0,LeaderEpoch:2,ControllerEpoch:7) (kafka.controller.PartitionStateMachine)
[2018-03-22 15:12:14,176] DEBUG [OfflinePartitionLeaderSelector]: Some broker in ISR is alive for __consumer_offsets-33. Select 0 from ISR 0 to be the leader. (kafka.controller.OfflinePartitionLeaderSelector)
[2018-03-22 15:12:14,176] INFO [OfflinePartitionLeaderSelector]: Selected new leader and ISR {"leader":0,"leader_epoch":2,"isr":[0]} for offline partition __consumer_offsets-33 (kafka.controller.OfflinePartitionLeaderSelector)
[2018-03-22 15:12:14,178] DEBUG [PartitionStateMachine controllerId=0] After leader election, leader cache for __consumer_offsets-33 is updated to (Leader:0,ISR:0,LeaderEpoch:2,ControllerEpoch:7) (kafka.controller.PartitionStateMachine)
[2018-03-22 15:12:14,179] DEBUG [OfflinePartitionLeaderSelector]: Some broker in ISR is alive for __consumer_offsets-20. Select 0 from ISR 0 to be the leader. (kafka.controller.OfflinePartitionLeaderSelector)
[2018-03-22 15:12:14,180] INFO [OfflinePartitionLeaderSelector]: Selected new leader and ISR {"leader":0,"leader_epoch":2,"isr":[0]} for offline partition __consumer_offsets-20 (kafka.controller.OfflinePartitionLeaderSelector)
[2018-03-22 15:12:14,182] DEBUG [PartitionStateMachine controllerId=0] After leader election, leader cache for __consumer_offsets-20 is updated to (Leader:0,ISR:0,LeaderEpoch:2,ControllerEpoch:7) (kafka.controller.PartitionStateMachine)
[2018-03-22 15:12:14,184] DEBUG [OfflinePartitionLeaderSelector]: Some broker in ISR is alive for __consumer_offsets-21. Select 0 from ISR 0 to be the leader. (kafka.controller.OfflinePartitionLeaderSelector)
[2018-03-22 15:12:14,184] INFO [OfflinePartitionLeaderSelector]: Selected new leader and ISR {"leader":0,"leader_epoch":2,"isr":[0]} for offline partition __consumer_offsets-21 (kafka.controller.OfflinePartitionLeaderSelector)
[2018-03-22 15:12:14,186] DEBUG [PartitionStateMachine controllerId=0] After leader election, leader cache for __consumer_offsets-21 is updated to (Leader:0,ISR:0,LeaderEpoch:2,ControllerEpoch:7) (kafka.controller.PartitionStateMachine)
[2018-03-22 15:12:14,188] DEBUG [OfflinePartitionLeaderSelector]: Some broker in ISR is alive for __consumer_offsets-3. Select 0 from ISR 0 to be the leader. (kafka.controller.OfflinePartitionLeaderSelector)
[2018-03-22 15:12:14,188] INFO [OfflinePartitionLeaderSelector]: Selected new leader and ISR {"leader":0,"leader_epoch":2,"isr":[0]} for offline partition __consumer_offsets-3 (kafka.controller.OfflinePartitionLeaderSelector)
[2018-03-22 15:12:14,189] DEBUG [PartitionStateMachine controllerId=0] After leader election, leader cache for __consumer_offsets-3 is updated to (Leader:0,ISR:0,LeaderEpoch:2,ControllerEpoch:7) (kafka.controller.PartitionStateMachine)
[2018-03-22 15:12:14,190] DEBUG [OfflinePartitionLeaderSelector]: Some broker in ISR is alive for __consumer_offsets-22. Select 0 from ISR 0 to be the leader. (kafka.controller.OfflinePartitionLeaderSelector)
[2018-03-22 15:12:14,190] INFO [OfflinePartitionLeaderSelector]: Selected new leader and ISR {"leader":0,"leader_epoch":2,"isr":[0]} for offline partition __consumer_offsets-22 (kafka.controller.OfflinePartitionLeaderSelector)
[2018-03-22 15:12:14,192] DEBUG [PartitionStateMachine controllerId=0] After leader election, leader cache for __consumer_offsets-22 is updated to (Leader:0,ISR:0,LeaderEpoch:2,ControllerEpoch:7) (kafka.controller.PartitionStateMachine)
[2018-03-22 15:12:14,193] DEBUG [OfflinePartitionLeaderSelector]: Some broker in ISR is alive for __consumer_offsets-5. Select 0 from ISR 0 to be the leader. (kafka.controller.OfflinePartitionLeaderSelector)
[2018-03-22 15:12:14,193] INFO [OfflinePartitionLeaderSelector]: Selected new leader and ISR {"leader":0,"leader_epoch":2,"isr":[0]} for offline partition __consumer_offsets-5 (kafka.controller.OfflinePartitionLeaderSelector)
[2018-03-22 15:12:14,195] DEBUG [PartitionStateMachine controllerId=0] After leader election, leader cache for __consumer_offsets-5 is updated to (Leader:0,ISR:0,LeaderEpoch:2,ControllerEpoch:7) (kafka.controller.PartitionStateMachine)
[2018-03-22 15:12:14,196] DEBUG [OfflinePartitionLeaderSelector]: Some broker in ISR is alive for data_change_events-0. Select 0 from ISR 0 to be the leader. (kafka.controller.OfflinePartitionLeaderSelector)
[2018-03-22 15:12:14,196] INFO [OfflinePartitionLeaderSelector]: Selected new leader and ISR {"leader":0,"leader_epoch":4,"isr":[0]} for offline partition data_change_events-0 (kafka.controller.OfflinePartitionLeaderSelector)
[2018-03-22 15:12:14,197] DEBUG [PartitionStateMachine controllerId=0] After leader election, leader cache for data_change_events-0 is updated to (Leader:0,ISR:0,LeaderEpoch:4,ControllerEpoch:7) (kafka.controller.PartitionStateMachine)
[2018-03-22 15:12:14,199] DEBUG [OfflinePartitionLeaderSelector]: Some broker in ISR is alive for __consumer_offsets-12. Select 0 from ISR 0 to be the leader. (kafka.controller.OfflinePartitionLeaderSelector)
[2018-03-22 15:12:14,199] INFO [OfflinePartitionLeaderSelector]: Selected new leader and ISR {"leader":0,"leader_epoch":2,"isr":[0]} for offline partition __consumer_offsets-12 (kafka.controller.OfflinePartitionLeaderSelector)
[2018-03-22 15:12:14,200] DEBUG [PartitionStateMachine controllerId=0] After leader election, leader cache for __consumer_offsets-12 is updated to (Leader:0,ISR:0,LeaderEpoch:2,ControllerEpoch:7) (kafka.controller.PartitionStateMachine)
[2018-03-22 15:12:14,201] DEBUG [OfflinePartitionLeaderSelector]: Some broker in ISR is alive for __consumer_offsets-8. Select 0 from ISR 0 to be the leader. (kafka.controller.OfflinePartitionLeaderSelector)
[2018-03-22 15:12:14,201] INFO [OfflinePartitionLeaderSelector]: Selected new leader and ISR {"leader":0,"leader_epoch":2,"isr":[0]} for offline partition __consumer_offsets-8 (kafka.controller.OfflinePartitionLeaderSelector)
[2018-03-22 15:12:14,203] DEBUG [PartitionStateMachine controllerId=0] After leader election, leader cache for __consumer_offsets-8 is updated to (Leader:0,ISR:0,LeaderEpoch:2,ControllerEpoch:7) (kafka.controller.PartitionStateMachine)
[2018-03-22 15:12:14,204] DEBUG [OfflinePartitionLeaderSelector]: Some broker in ISR is alive for __consumer_offsets-23. Select 0 from ISR 0 to be the leader. (kafka.controller.OfflinePartitionLeaderSelector)
[2018-03-22 15:12:14,204] INFO [OfflinePartitionLeaderSelector]: Selected new leader and ISR {"leader":0,"leader_epoch":2,"isr":[0]} for offline partition __consumer_offsets-23 (kafka.controller.OfflinePartitionLeaderSelector)
[2018-03-22 15:12:14,205] DEBUG [PartitionStateMachine controllerId=0] After leader election, leader cache for __consumer_offsets-23 is updated to (Leader:0,ISR:0,LeaderEpoch:2,ControllerEpoch:7) (kafka.controller.PartitionStateMachine)
[2018-03-22 15:12:14,206] DEBUG [OfflinePartitionLeaderSelector]: Some broker in ISR is alive for __consumer_offsets-15. Select 0 from ISR 0 to be the leader. (kafka.controller.OfflinePartitionLeaderSelector)
[2018-03-22 15:12:14,206] INFO [OfflinePartitionLeaderSelector]: Selected new leader and ISR {"leader":0,"leader_epoch":2,"isr":[0]} for offline partition __consumer_offsets-15 (kafka.controller.OfflinePartitionLeaderSelector)
[2018-03-22 15:12:14,208] DEBUG [PartitionStateMachine controllerId=0] After leader election, leader cache for __consumer_offsets-15 is updated to (Leader:0,ISR:0,LeaderEpoch:2,ControllerEpoch:7) (kafka.controller.PartitionStateMachine)
[2018-03-22 15:12:14,209] DEBUG [OfflinePartitionLeaderSelector]: Some broker in ISR is alive for __consumer_offsets-48. Select 0 from ISR 0 to be the leader. (kafka.controller.OfflinePartitionLeaderSelector)
[2018-03-22 15:12:14,209] INFO [OfflinePartitionLeaderSelector]: Selected new leader and ISR {"leader":0,"leader_epoch":2,"isr":[0]} for offline partition __consumer_offsets-48 (kafka.controller.OfflinePartitionLeaderSelector)
[2018-03-22 15:12:14,211] DEBUG [PartitionStateMachine controllerId=0] After leader election, leader cache for __consumer_offsets-48 is updated to (Leader:0,ISR:0,LeaderEpoch:2,ControllerEpoch:7) (kafka.controller.PartitionStateMachine)
[2018-03-22 15:12:14,212] DEBUG [OfflinePartitionLeaderSelector]: Some broker in ISR is alive for __consumer_offsets-11. Select 0 from ISR 0 to be the leader. (kafka.controller.OfflinePartitionLeaderSelector)
[2018-03-22 15:12:14,212] INFO [OfflinePartitionLeaderSelector]: Selected new leader and ISR {"leader":0,"leader_epoch":2,"isr":[0]} for offline partition __consumer_offsets-11 (kafka.controller.OfflinePartitionLeaderSelector)
[2018-03-22 15:12:14,213] DEBUG [PartitionStateMachine controllerId=0] After leader election, leader cache for __consumer_offsets-11 is updated to (Leader:0,ISR:0,LeaderEpoch:2,ControllerEpoch:7) (kafka.controller.PartitionStateMachine)
[2018-03-22 15:12:14,215] DEBUG [OfflinePartitionLeaderSelector]: Some broker in ISR is alive for __consumer_offsets-13. Select 0 from ISR 0 to be the leader. (kafka.controller.OfflinePartitionLeaderSelector)
[2018-03-22 15:12:14,215] INFO [OfflinePartitionLeaderSelector]: Selected new leader and ISR {"leader":0,"leader_epoch":2,"isr":[0]} for offline partition __consumer_offsets-13 (kafka.controller.OfflinePartitionLeaderSelector)
[2018-03-22 15:12:14,216] DEBUG [PartitionStateMachine controllerId=0] After leader election, leader cache for __consumer_offsets-13 is updated to (Leader:0,ISR:0,LeaderEpoch:2,ControllerEpoch:7) (kafka.controller.PartitionStateMachine)
[2018-03-22 15:12:14,217] DEBUG [OfflinePartitionLeaderSelector]: Some broker in ISR is alive for __consumer_offsets-49. Select 0 from ISR 0 to be the leader. (kafka.controller.OfflinePartitionLeaderSelector)
[2018-03-22 15:12:14,217] INFO [OfflinePartitionLeaderSelector]: Selected new leader and ISR {"leader":0,"leader_epoch":2,"isr":[0]} for offline partition __consumer_offsets-49 (kafka.controller.OfflinePartitionLeaderSelector)
[2018-03-22 15:12:14,219] DEBUG [PartitionStateMachine controllerId=0] After leader election, leader cache for __consumer_offsets-49 is updated to (Leader:0,ISR:0,LeaderEpoch:2,ControllerEpoch:7) (kafka.controller.PartitionStateMachine)
[2018-03-22 15:12:14,220] DEBUG [OfflinePartitionLeaderSelector]: Some broker in ISR is alive for __consumer_offsets-6. Select 0 from ISR 0 to be the leader. (kafka.controller.OfflinePartitionLeaderSelector)
[2018-03-22 15:12:14,220] INFO [OfflinePartitionLeaderSelector]: Selected new leader and ISR {"leader":0,"leader_epoch":2,"isr":[0]} for offline partition __consumer_offsets-6 (kafka.controller.OfflinePartitionLeaderSelector)
[2018-03-22 15:12:14,222] DEBUG [PartitionStateMachine controllerId=0] After leader election, leader cache for __consumer_offsets-6 is updated to (Leader:0,ISR:0,LeaderEpoch:2,ControllerEpoch:7) (kafka.controller.PartitionStateMachine)
[2018-03-22 15:12:14,223] DEBUG [OfflinePartitionLeaderSelector]: Some broker in ISR is alive for __consumer_offsets-28. Select 0 from ISR 0 to be the leader. (kafka.controller.OfflinePartitionLeaderSelector)
[2018-03-22 15:12:14,223] INFO [OfflinePartitionLeaderSelector]: Selected new leader and ISR {"leader":0,"leader_epoch":2,"isr":[0]} for offline partition __consumer_offsets-28 (kafka.controller.OfflinePartitionLeaderSelector)
[2018-03-22 15:12:14,224] DEBUG [PartitionStateMachine controllerId=0] After leader election, leader cache for __consumer_offsets-28 is updated to (Leader:0,ISR:0,LeaderEpoch:2,ControllerEpoch:7) (kafka.controller.PartitionStateMachine)
[2018-03-22 15:12:14,225] DEBUG [OfflinePartitionLeaderSelector]: Some broker in ISR is alive for __consumer_offsets-4. Select 0 from ISR 0 to be the leader. (kafka.controller.OfflinePartitionLeaderSelector)
[2018-03-22 15:12:14,225] INFO [OfflinePartitionLeaderSelector]: Selected new leader and ISR {"leader":0,"leader_epoch":2,"isr":[0]} for offline partition __consumer_offsets-4 (kafka.controller.OfflinePartitionLeaderSelector)
[2018-03-22 15:12:14,227] DEBUG [PartitionStateMachine controllerId=0] After leader election, leader cache for __consumer_offsets-4 is updated to (Leader:0,ISR:0,LeaderEpoch:2,ControllerEpoch:7) (kafka.controller.PartitionStateMachine)
[2018-03-22 15:12:14,228] DEBUG [OfflinePartitionLeaderSelector]: Some broker in ISR is alive for __consumer_offsets-37. Select 0 from ISR 0 to be the leader. (kafka.controller.OfflinePartitionLeaderSelector)
[2018-03-22 15:12:14,228] INFO [OfflinePartitionLeaderSelector]: Selected new leader and ISR {"leader":0,"leader_epoch":2,"isr":[0]} for offline partition __consumer_offsets-37 (kafka.controller.OfflinePartitionLeaderSelector)
[2018-03-22 15:12:14,229] DEBUG [PartitionStateMachine controllerId=0] After leader election, leader cache for __consumer_offsets-37 is updated to (Leader:0,ISR:0,LeaderEpoch:2,ControllerEpoch:7) (kafka.controller.PartitionStateMachine)
[2018-03-22 15:12:14,230] DEBUG [OfflinePartitionLeaderSelector]: Some broker in ISR is alive for __consumer_offsets-31. Select 0 from ISR 0 to be the leader. (kafka.controller.OfflinePartitionLeaderSelector)
[2018-03-22 15:12:14,230] INFO [OfflinePartitionLeaderSelector]: Selected new leader and ISR {"leader":0,"leader_epoch":2,"isr":[0]} for offline partition __consumer_offsets-31 (kafka.controller.OfflinePartitionLeaderSelector)
[2018-03-22 15:12:14,231] DEBUG [PartitionStateMachine controllerId=0] After leader election, leader cache for __consumer_offsets-31 is updated to (Leader:0,ISR:0,LeaderEpoch:2,ControllerEpoch:7) (kafka.controller.PartitionStateMachine)
[2018-03-22 15:12:14,232] DEBUG [OfflinePartitionLeaderSelector]: Some broker in ISR is alive for __consumer_offsets-44. Select 0 from ISR 0 to be the leader. (kafka.controller.OfflinePartitionLeaderSelector)
[2018-03-22 15:12:14,233] INFO [OfflinePartitionLeaderSelector]: Selected new leader and ISR {"leader":0,"leader_epoch":2,"isr":[0]} for offline partition __consumer_offsets-44 (kafka.controller.OfflinePartitionLeaderSelector)
[2018-03-22 15:12:14,234] DEBUG [PartitionStateMachine controllerId=0] After leader election, leader cache for __consumer_offsets-44 is updated to (Leader:0,ISR:0,LeaderEpoch:2,ControllerEpoch:7) (kafka.controller.PartitionStateMachine)
[2018-03-22 15:12:14,235] DEBUG [OfflinePartitionLeaderSelector]: Some broker in ISR is alive for __consumer_offsets-42. Select 0 from ISR 0 to be the leader. (kafka.controller.OfflinePartitionLeaderSelector)
[2018-03-22 15:12:14,235] INFO [OfflinePartitionLeaderSelector]: Selected new leader and ISR {"leader":0,"leader_epoch":2,"isr":[0]} for offline partition __consumer_offsets-42 (kafka.controller.OfflinePartitionLeaderSelector)
[2018-03-22 15:12:14,237] DEBUG [PartitionStateMachine controllerId=0] After leader election, leader cache for __consumer_offsets-42 is updated to (Leader:0,ISR:0,LeaderEpoch:2,ControllerEpoch:7) (kafka.controller.PartitionStateMachine)
[2018-03-22 15:12:14,238] DEBUG [OfflinePartitionLeaderSelector]: Some broker in ISR is alive for __consumer_offsets-34. Select 0 from ISR 0 to be the leader. (kafka.controller.OfflinePartitionLeaderSelector)
[2018-03-22 15:12:14,238] INFO [OfflinePartitionLeaderSelector]: Selected new leader and ISR {"leader":0,"leader_epoch":2,"isr":[0]} for offline partition __consumer_offsets-34 (kafka.controller.OfflinePartitionLeaderSelector)
[2018-03-22 15:12:14,239] DEBUG [PartitionStateMachine controllerId=0] After leader election, leader cache for __consumer_offsets-34 is updated to (Leader:0,ISR:0,LeaderEpoch:2,ControllerEpoch:7) (kafka.controller.PartitionStateMachine)
[2018-03-22 15:12:14,240] DEBUG [OfflinePartitionLeaderSelector]: Some broker in ISR is alive for __consumer_offsets-46. Select 0 from ISR 0 to be the leader. (kafka.controller.OfflinePartitionLeaderSelector)
[2018-03-22 15:12:14,240] INFO [OfflinePartitionLeaderSelector]: Selected new leader and ISR {"leader":0,"leader_epoch":2,"isr":[0]} for offline partition __consumer_offsets-46 (kafka.controller.OfflinePartitionLeaderSelector)
[2018-03-22 15:12:14,242] DEBUG [PartitionStateMachine controllerId=0] After leader election, leader cache for __consumer_offsets-46 is updated to (Leader:0,ISR:0,LeaderEpoch:2,ControllerEpoch:7) (kafka.controller.PartitionStateMachine)
[2018-03-22 15:12:14,243] DEBUG [OfflinePartitionLeaderSelector]: Some broker in ISR is alive for __consumer_offsets-25. Select 0 from ISR 0 to be the leader. (kafka.controller.OfflinePartitionLeaderSelector)
[2018-03-22 15:12:14,243] INFO [OfflinePartitionLeaderSelector]: Selected new leader and ISR {"leader":0,"leader_epoch":2,"isr":[0]} for offline partition __consumer_offsets-25 (kafka.controller.OfflinePartitionLeaderSelector)
[2018-03-22 15:12:14,245] DEBUG [PartitionStateMachine controllerId=0] After leader election, leader cache for __consumer_offsets-25 is updated to (Leader:0,ISR:0,LeaderEpoch:2,ControllerEpoch:7) (kafka.controller.PartitionStateMachine)
[2018-03-22 15:12:14,246] DEBUG [OfflinePartitionLeaderSelector]: Some broker in ISR is alive for __consumer_offsets-45. Select 0 from ISR 0 to be the leader. (kafka.controller.OfflinePartitionLeaderSelector)
[2018-03-22 15:12:14,246] INFO [OfflinePartitionLeaderSelector]: Selected new leader and ISR {"leader":0,"leader_epoch":2,"isr":[0]} for offline partition __consumer_offsets-45 (kafka.controller.OfflinePartitionLeaderSelector)
[2018-03-22 15:12:14,247] DEBUG [PartitionStateMachine controllerId=0] After leader election, leader cache for __consumer_offsets-45 is updated to (Leader:0,ISR:0,LeaderEpoch:2,ControllerEpoch:7) (kafka.controller.PartitionStateMachine)
[2018-03-22 15:12:14,248] DEBUG [OfflinePartitionLeaderSelector]: Some broker in ISR is alive for __consumer_offsets-27. Select 0 from ISR 0 to be the leader. (kafka.controller.OfflinePartitionLeaderSelector)
[2018-03-22 15:12:14,248] INFO [OfflinePartitionLeaderSelector]: Selected new leader and ISR {"leader":0,"leader_epoch":2,"isr":[0]} for offline partition __consumer_offsets-27 (kafka.controller.OfflinePartitionLeaderSelector)
[2018-03-22 15:12:14,249] DEBUG [PartitionStateMachine controllerId=0] After leader election, leader cache for __consumer_offsets-27 is updated to (Leader:0,ISR:0,LeaderEpoch:2,ControllerEpoch:7) (kafka.controller.PartitionStateMachine)
[2018-03-22 15:12:14,250] DEBUG [OfflinePartitionLeaderSelector]: Some broker in ISR is alive for __consumer_offsets-32. Select 0 from ISR 0 to be the leader. (kafka.controller.OfflinePartitionLeaderSelector)
[2018-03-22 15:12:14,250] INFO [OfflinePartitionLeaderSelector]: Selected new leader and ISR {"leader":0,"leader_epoch":2,"isr":[0]} for offline partition __consumer_offsets-32 (kafka.controller.OfflinePartitionLeaderSelector)
[2018-03-22 15:12:14,251] DEBUG [PartitionStateMachine controllerId=0] After leader election, leader cache for __consumer_offsets-32 is updated to (Leader:0,ISR:0,LeaderEpoch:2,ControllerEpoch:7) (kafka.controller.PartitionStateMachine)
[2018-03-22 15:12:14,252] DEBUG [OfflinePartitionLeaderSelector]: Some broker in ISR is alive for __consumer_offsets-43. Select 0 from ISR 0 to be the leader. (kafka.controller.OfflinePartitionLeaderSelector)
[2018-03-22 15:12:14,253] INFO [OfflinePartitionLeaderSelector]: Selected new leader and ISR {"leader":0,"leader_epoch":2,"isr":[0]} for offline partition __consumer_offsets-43 (kafka.controller.OfflinePartitionLeaderSelector)
[2018-03-22 15:12:14,254] DEBUG [PartitionStateMachine controllerId=0] After leader election, leader cache for __consumer_offsets-43 is updated to (Leader:0,ISR:0,LeaderEpoch:2,ControllerEpoch:7) (kafka.controller.PartitionStateMachine)
[2018-03-22 15:12:14,255] DEBUG [OfflinePartitionLeaderSelector]: Some broker in ISR is alive for __consumer_offsets-36. Select 0 from ISR 0 to be the leader. (kafka.controller.OfflinePartitionLeaderSelector)
[2018-03-22 15:12:14,255] INFO [OfflinePartitionLeaderSelector]: Selected new leader and ISR {"leader":0,"leader_epoch":2,"isr":[0]} for offline partition __consumer_offsets-36 (kafka.controller.OfflinePartitionLeaderSelector)
[2018-03-22 15:12:14,257] DEBUG [PartitionStateMachine controllerId=0] After leader election, leader cache for __consumer_offsets-36 is updated to (Leader:0,ISR:0,LeaderEpoch:2,ControllerEpoch:7) (kafka.controller.PartitionStateMachine)
[2018-03-22 15:12:14,257] DEBUG [OfflinePartitionLeaderSelector]: Some broker in ISR is alive for __consumer_offsets-35. Select 0 from ISR 0 to be the leader. (kafka.controller.OfflinePartitionLeaderSelector)
[2018-03-22 15:12:14,258] INFO [OfflinePartitionLeaderSelector]: Selected new leader and ISR {"leader":0,"leader_epoch":2,"isr":[0]} for offline partition __consumer_offsets-35 (kafka.controller.OfflinePartitionLeaderSelector)
[2018-03-22 15:12:14,259] DEBUG [PartitionStateMachine controllerId=0] After leader election, leader cache for __consumer_offsets-35 is updated to (Leader:0,ISR:0,LeaderEpoch:2,ControllerEpoch:7) (kafka.controller.PartitionStateMachine)
[2018-03-22 15:12:14,260] DEBUG [OfflinePartitionLeaderSelector]: Some broker in ISR is alive for __consumer_offsets-7. Select 0 from ISR 0 to be the leader. (kafka.controller.OfflinePartitionLeaderSelector)
[2018-03-22 15:12:14,260] INFO [OfflinePartitionLeaderSelector]: Selected new leader and ISR {"leader":0,"leader_epoch":2,"isr":[0]} for offline partition __consumer_offsets-7 (kafka.controller.OfflinePartitionLeaderSelector)
[2018-03-22 15:12:14,261] DEBUG [PartitionStateMachine controllerId=0] After leader election, leader cache for __consumer_offsets-7 is updated to (Leader:0,ISR:0,LeaderEpoch:2,ControllerEpoch:7) (kafka.controller.PartitionStateMachine)
[2018-03-22 15:12:14,262] DEBUG [OfflinePartitionLeaderSelector]: Some broker in ISR is alive for __consumer_offsets-9. Select 0 from ISR 0 to be the leader. (kafka.controller.OfflinePartitionLeaderSelector)
[2018-03-22 15:12:14,262] INFO [OfflinePartitionLeaderSelector]: Selected new leader and ISR {"leader":0,"leader_epoch":2,"isr":[0]} for offline partition __consumer_offsets-9 (kafka.controller.OfflinePartitionLeaderSelector)
[2018-03-22 15:12:14,264] DEBUG [PartitionStateMachine controllerId=0] After leader election, leader cache for __consumer_offsets-9 is updated to (Leader:0,ISR:0,LeaderEpoch:2,ControllerEpoch:7) (kafka.controller.PartitionStateMachine)
[2018-03-22 15:12:14,265] DEBUG [OfflinePartitionLeaderSelector]: Some broker in ISR is alive for __consumer_offsets-38. Select 0 from ISR 0 to be the leader. (kafka.controller.OfflinePartitionLeaderSelector)
[2018-03-22 15:12:14,265] INFO [OfflinePartitionLeaderSelector]: Selected new leader and ISR {"leader":0,"leader_epoch":2,"isr":[0]} for offline partition __consumer_offsets-38 (kafka.controller.OfflinePartitionLeaderSelector)
[2018-03-22 15:12:14,266] DEBUG [PartitionStateMachine controllerId=0] After leader election, leader cache for __consumer_offsets-38 is updated to (Leader:0,ISR:0,LeaderEpoch:2,ControllerEpoch:7) (kafka.controller.PartitionStateMachine)
[2018-03-22 15:12:14,267] DEBUG [OfflinePartitionLeaderSelector]: Some broker in ISR is alive for __consumer_offsets-1. Select 0 from ISR 0 to be the leader. (kafka.controller.OfflinePartitionLeaderSelector)
[2018-03-22 15:12:14,267] INFO [OfflinePartitionLeaderSelector]: Selected new leader and ISR {"leader":0,"leader_epoch":2,"isr":[0]} for offline partition __consumer_offsets-1 (kafka.controller.OfflinePartitionLeaderSelector)
[2018-03-22 15:12:14,269] DEBUG [PartitionStateMachine controllerId=0] After leader election, leader cache for __consumer_offsets-1 is updated to (Leader:0,ISR:0,LeaderEpoch:2,ControllerEpoch:7) (kafka.controller.PartitionStateMachine)
[2018-03-22 15:12:14,270] DEBUG [OfflinePartitionLeaderSelector]: Some broker in ISR is alive for __consumer_offsets-2. Select 0 from ISR 0 to be the leader. (kafka.controller.OfflinePartitionLeaderSelector)
[2018-03-22 15:12:14,271] INFO [OfflinePartitionLeaderSelector]: Selected new leader and ISR {"leader":0,"leader_epoch":2,"isr":[0]} for offline partition __consumer_offsets-2 (kafka.controller.OfflinePartitionLeaderSelector)
[2018-03-22 15:12:14,273] DEBUG [PartitionStateMachine controllerId=0] After leader election, leader cache for __consumer_offsets-2 is updated to (Leader:0,ISR:0,LeaderEpoch:2,ControllerEpoch:7) (kafka.controller.PartitionStateMachine)
[2018-03-22 15:12:14,274] DEBUG [OfflinePartitionLeaderSelector]: Some broker in ISR is alive for __consumer_offsets-16. Select 0 from ISR 0 to be the leader. (kafka.controller.OfflinePartitionLeaderSelector)
[2018-03-22 15:12:14,274] INFO [OfflinePartitionLeaderSelector]: Selected new leader and ISR {"leader":0,"leader_epoch":2,"isr":[0]} for offline partition __consumer_offsets-16 (kafka.controller.OfflinePartitionLeaderSelector)
[2018-03-22 15:12:14,276] DEBUG [PartitionStateMachine controllerId=0] After leader election, leader cache for __consumer_offsets-16 is updated to (Leader:0,ISR:0,LeaderEpoch:2,ControllerEpoch:7) (kafka.controller.PartitionStateMachine)
[2018-03-22 15:12:19,077] TRACE [Controller id=0] Checking need to trigger auto leader balancing (kafka.controller.KafkaController)
[2018-03-22 15:12:19,080] DEBUG [Controller id=0] Preferred replicas by broker Map(0 -> Map(__consumer_offsets-19 -> Vector(0), __consumer_offsets-30 -> Vector(0), __consumer_offsets-47 -> Vector(0), __consumer_offsets-29 -> Vector(0), __consumer_offsets-41 -> Vector(0), __consumer_offsets-39 -> Vector(0), __consumer_offsets-10 -> Vector(0), __consumer_offsets-17 -> Vector(0), __consumer_offsets-14 -> Vector(0), __consumer_offsets-40 -> Vector(0), __consumer_offsets-18 -> Vector(0), __consumer_offsets-26 -> Vector(0), __consumer_offsets-0 -> Vector(0), __consumer_offsets-24 -> Vector(0), __consumer_offsets-33 -> Vector(0), __consumer_offsets-20 -> Vector(0), __consumer_offsets-21 -> Vector(0), __consumer_offsets-3 -> Vector(0), __consumer_offsets-22 -> Vector(0), __consumer_offsets-5 -> Vector(0), data_change_events-0 -> Vector(0), __consumer_offsets-12 -> Vector(0), __consumer_offsets-8 -> Vector(0), __consumer_offsets-23 -> Vector(0), __consumer_offsets-15 -> Vector(0), __consumer_offsets-48 -> Vector(0), __consumer_offsets-11 -> Vector(0), __consumer_offsets-13 -> Vector(0), __consumer_offsets-49 -> Vector(0), __consumer_offsets-6 -> Vector(0), __consumer_offsets-28 -> Vector(0), __consumer_offsets-4 -> Vector(0), __consumer_offsets-37 -> Vector(0), __consumer_offsets-31 -> Vector(0), __consumer_offsets-44 -> Vector(0), __consumer_offsets-42 -> Vector(0), __consumer_offsets-34 -> Vector(0), __consumer_offsets-46 -> Vector(0), __consumer_offsets-25 -> Vector(0), __consumer_offsets-45 -> Vector(0), __consumer_offsets-27 -> Vector(0), __consumer_offsets-32 -> Vector(0), __consumer_offsets-43 -> Vector(0), __consumer_offsets-36 -> Vector(0), __consumer_offsets-35 -> Vector(0), __consumer_offsets-7 -> Vector(0), __consumer_offsets-9 -> Vector(0), __consumer_offsets-38 -> Vector(0), __consumer_offsets-1 -> Vector(0), __consumer_offsets-2 -> Vector(0), __consumer_offsets-16 -> Vector(0))) (kafka.controller.KafkaController)
[2018-03-22 15:12:19,082] DEBUG [Controller id=0] Topics not in preferred replica Map() (kafka.controller.KafkaController)
[2018-03-22 15:12:19,082] TRACE [Controller id=0] Leader imbalance ratio for broker 0 is 0.0 (kafka.controller.KafkaController)
[2018-03-22 15:12:29,011] INFO [Controller id=0] Shutting down broker 0 (kafka.controller.KafkaController)
[2018-03-22 15:12:29,011] DEBUG [Controller id=0] All shutting down brokers: 0 (kafka.controller.KafkaController)
[2018-03-22 15:12:29,012] DEBUG [Controller id=0] Live brokers:  (kafka.controller.KafkaController)
[2018-03-22 15:12:29,015] TRACE [Controller id=0] All leaders = __consumer_offsets-19 -> (Leader:0,ISR:0,LeaderEpoch:2,ControllerEpoch:7),__consumer_offsets-30 -> (Leader:0,ISR:0,LeaderEpoch:2,ControllerEpoch:7),__consumer_offsets-47 -> (Leader:0,ISR:0,LeaderEpoch:2,ControllerEpoch:7),__consumer_offsets-29 -> (Leader:0,ISR:0,LeaderEpoch:2,ControllerEpoch:7),__consumer_offsets-41 -> (Leader:0,ISR:0,LeaderEpoch:2,ControllerEpoch:7),__consumer_offsets-39 -> (Leader:0,ISR:0,LeaderEpoch:2,ControllerEpoch:7),__consumer_offsets-10 -> (Leader:0,ISR:0,LeaderEpoch:2,ControllerEpoch:7),__consumer_offsets-17 -> (Leader:0,ISR:0,LeaderEpoch:2,ControllerEpoch:7),__consumer_offsets-14 -> (Leader:0,ISR:0,LeaderEpoch:2,ControllerEpoch:7),__consumer_offsets-40 -> (Leader:0,ISR:0,LeaderEpoch:2,ControllerEpoch:7),__consumer_offsets-18 -> (Leader:0,ISR:0,LeaderEpoch:2,ControllerEpoch:7),__consumer_offsets-26 -> (Leader:0,ISR:0,LeaderEpoch:2,ControllerEpoch:7),__consumer_offsets-0 -> (Leader:0,ISR:0,LeaderEpoch:2,ControllerEpoch:7),__consumer_offsets-24 -> (Leader:0,ISR:0,LeaderEpoch:2,ControllerEpoch:7),__consumer_offsets-33 -> (Leader:0,ISR:0,LeaderEpoch:2,ControllerEpoch:7),__consumer_offsets-20 -> (Leader:0,ISR:0,LeaderEpoch:2,ControllerEpoch:7),__consumer_offsets-3 -> (Leader:0,ISR:0,LeaderEpoch:2,ControllerEpoch:7),__consumer_offsets-21 -> (Leader:0,ISR:0,LeaderEpoch:2,ControllerEpoch:7),__consumer_offsets-5 -> (Leader:0,ISR:0,LeaderEpoch:2,ControllerEpoch:7),__consumer_offsets-22 -> (Leader:0,ISR:0,LeaderEpoch:2,ControllerEpoch:7),data_change_events-0 -> (Leader:0,ISR:0,LeaderEpoch:4,ControllerEpoch:7),__consumer_offsets-12 -> (Leader:0,ISR:0,LeaderEpoch:2,ControllerEpoch:7),__consumer_offsets-8 -> (Leader:0,ISR:0,LeaderEpoch:2,ControllerEpoch:7),__consumer_offsets-23 -> (Leader:0,ISR:0,LeaderEpoch:2,ControllerEpoch:7),__consumer_offsets-15 -> (Leader:0,ISR:0,LeaderEpoch:2,ControllerEpoch:7),__consumer_offsets-48 -> (Leader:0,ISR:0,LeaderEpoch:2,ControllerEpoch:7),__consumer_offsets-11 -> (Leader:0,ISR:0,LeaderEpoch:2,ControllerEpoch:7),__consumer_offsets-13 -> (Leader:0,ISR:0,LeaderEpoch:2,ControllerEpoch:7),__consumer_offsets-49 -> (Leader:0,ISR:0,LeaderEpoch:2,ControllerEpoch:7),__consumer_offsets-6 -> (Leader:0,ISR:0,LeaderEpoch:2,ControllerEpoch:7),__consumer_offsets-28 -> (Leader:0,ISR:0,LeaderEpoch:2,ControllerEpoch:7),__consumer_offsets-4 -> (Leader:0,ISR:0,LeaderEpoch:2,ControllerEpoch:7),__consumer_offsets-37 -> (Leader:0,ISR:0,LeaderEpoch:2,ControllerEpoch:7),__consumer_offsets-31 -> (Leader:0,ISR:0,LeaderEpoch:2,ControllerEpoch:7),__consumer_offsets-44 -> (Leader:0,ISR:0,LeaderEpoch:2,ControllerEpoch:7),__consumer_offsets-42 -> (Leader:0,ISR:0,LeaderEpoch:2,ControllerEpoch:7),__consumer_offsets-34 -> (Leader:0,ISR:0,LeaderEpoch:2,ControllerEpoch:7),__consumer_offsets-46 -> (Leader:0,ISR:0,LeaderEpoch:2,ControllerEpoch:7),__consumer_offsets-25 -> (Leader:0,ISR:0,LeaderEpoch:2,ControllerEpoch:7),__consumer_offsets-45 -> (Leader:0,ISR:0,LeaderEpoch:2,ControllerEpoch:7),__consumer_offsets-27 -> (Leader:0,ISR:0,LeaderEpoch:2,ControllerEpoch:7),__consumer_offsets-32 -> (Leader:0,ISR:0,LeaderEpoch:2,ControllerEpoch:7),__consumer_offsets-43 -> (Leader:0,ISR:0,LeaderEpoch:2,ControllerEpoch:7),__consumer_offsets-36 -> (Leader:0,ISR:0,LeaderEpoch:2,ControllerEpoch:7),__consumer_offsets-35 -> (Leader:0,ISR:0,LeaderEpoch:2,ControllerEpoch:7),__consumer_offsets-7 -> (Leader:0,ISR:0,LeaderEpoch:2,ControllerEpoch:7),__consumer_offsets-9 -> (Leader:0,ISR:0,LeaderEpoch:2,ControllerEpoch:7),__consumer_offsets-38 -> (Leader:0,ISR:0,LeaderEpoch:2,ControllerEpoch:7),__consumer_offsets-1 -> (Leader:0,ISR:0,LeaderEpoch:2,ControllerEpoch:7),__consumer_offsets-16 -> (Leader:0,ISR:0,LeaderEpoch:2,ControllerEpoch:7),__consumer_offsets-2 -> (Leader:0,ISR:0,LeaderEpoch:2,ControllerEpoch:7) (kafka.controller.KafkaController)
[2018-03-22 15:12:30,001] INFO [controller-event-thread]: Shutting down (kafka.controller.ControllerEventManager$ControllerEventThread)
[2018-03-22 15:12:30,001] INFO [controller-event-thread]: Stopped (kafka.controller.ControllerEventManager$ControllerEventThread)
[2018-03-22 15:12:30,001] INFO [controller-event-thread]: Shutdown completed (kafka.controller.ControllerEventManager$ControllerEventThread)
[2018-03-22 15:12:30,002] DEBUG [Controller id=0] Resigning (kafka.controller.KafkaController)
[2018-03-22 15:12:30,002] DEBUG [Controller id=0] De-registering IsrChangeNotificationListener (kafka.controller.KafkaController)
[2018-03-22 15:12:30,003] DEBUG [Controller id=0] De-registering logDirEventNotificationListener (kafka.controller.KafkaController)
[2018-03-22 15:12:30,004] INFO [PartitionStateMachine controllerId=0] Stopped partition state machine (kafka.controller.PartitionStateMachine)
[2018-03-22 15:12:30,004] INFO [ReplicaStateMachine controllerId=0] Stopped replica state machine (kafka.controller.ReplicaStateMachine)
[2018-03-22 15:12:30,005] INFO [Controller-0-to-broker-0-send-thread]: Shutting down (kafka.controller.RequestSendThread)
[2018-03-22 15:12:30,005] INFO [Controller-0-to-broker-0-send-thread]: Stopped (kafka.controller.RequestSendThread)
[2018-03-22 15:12:30,005] INFO [Controller-0-to-broker-0-send-thread]: Shutdown completed (kafka.controller.RequestSendThread)
[2018-03-22 15:12:30,007] INFO [Controller id=0] Resigned (kafka.controller.KafkaController)
