[2018-03-22 15:11:06,051] FATAL  (kafka.Kafka$)
java.io.FileNotFoundException: config/server.properties (No such file or directory)
	at java.io.FileInputStream.open0(Native Method)
	at java.io.FileInputStream.open(FileInputStream.java:195)
	at java.io.FileInputStream.<init>(FileInputStream.java:138)
	at java.io.FileInputStream.<init>(FileInputStream.java:93)
	at org.apache.kafka.common.utils.Utils.loadProps(Utils.java:495)
	at kafka.Kafka$.getPropsFromArgs(Kafka.scala:44)
	at kafka.Kafka$.main(Kafka.scala:81)
	at kafka.Kafka.main(Kafka.scala)
[2018-03-22 15:11:30,572] FATAL  (kafka.Kafka$)
java.io.FileNotFoundException: config/server.properties (No such file or directory)
	at java.io.FileInputStream.open0(Native Method)
	at java.io.FileInputStream.open(FileInputStream.java:195)
	at java.io.FileInputStream.<init>(FileInputStream.java:138)
	at java.io.FileInputStream.<init>(FileInputStream.java:93)
	at org.apache.kafka.common.utils.Utils.loadProps(Utils.java:495)
	at kafka.Kafka$.getPropsFromArgs(Kafka.scala:44)
	at kafka.Kafka$.main(Kafka.scala:81)
	at kafka.Kafka.main(Kafka.scala)
[2018-03-22 15:12:08,337] INFO KafkaConfig values: 
	advertised.host.name = null
	advertised.listeners = null
	advertised.port = null
	alter.config.policy.class.name = null
	authorizer.class.name = 
	auto.create.topics.enable = true
	auto.leader.rebalance.enable = true
	background.threads = 10
	broker.id = 0
	broker.id.generation.enable = true
	broker.rack = null
	compression.type = producer
	connections.max.idle.ms = 600000
	controlled.shutdown.enable = true
	controlled.shutdown.max.retries = 3
	controlled.shutdown.retry.backoff.ms = 5000
	controller.socket.timeout.ms = 30000
	create.topic.policy.class.name = null
	default.replication.factor = 1
	delete.records.purgatory.purge.interval.requests = 1
	delete.topic.enable = true
	fetch.purgatory.purge.interval.requests = 1000
	group.initial.rebalance.delay.ms = 0
	group.max.session.timeout.ms = 300000
	group.min.session.timeout.ms = 6000
	host.name = 
	inter.broker.listener.name = null
	inter.broker.protocol.version = 1.0-IV0
	leader.imbalance.check.interval.seconds = 300
	leader.imbalance.per.broker.percentage = 10
	listener.security.protocol.map = PLAINTEXT:PLAINTEXT,SSL:SSL,SASL_PLAINTEXT:SASL_PLAINTEXT,SASL_SSL:SASL_SSL
	listeners = null
	log.cleaner.backoff.ms = 15000
	log.cleaner.dedupe.buffer.size = 134217728
	log.cleaner.delete.retention.ms = 86400000
	log.cleaner.enable = true
	log.cleaner.io.buffer.load.factor = 0.9
	log.cleaner.io.buffer.size = 524288
	log.cleaner.io.max.bytes.per.second = 1.7976931348623157E308
	log.cleaner.min.cleanable.ratio = 0.5
	log.cleaner.min.compaction.lag.ms = 0
	log.cleaner.threads = 1
	log.cleanup.policy = [delete]
	log.dir = /tmp/kafka-logs
	log.dirs = /tmp/kafka-logs
	log.flush.interval.messages = 9223372036854775807
	log.flush.interval.ms = null
	log.flush.offset.checkpoint.interval.ms = 60000
	log.flush.scheduler.interval.ms = 9223372036854775807
	log.flush.start.offset.checkpoint.interval.ms = 60000
	log.index.interval.bytes = 4096
	log.index.size.max.bytes = 10485760
	log.message.format.version = 1.0-IV0
	log.message.timestamp.difference.max.ms = 9223372036854775807
	log.message.timestamp.type = CreateTime
	log.preallocate = false
	log.retention.bytes = -1
	log.retention.check.interval.ms = 300000
	log.retention.hours = 168
	log.retention.minutes = null
	log.retention.ms = null
	log.roll.hours = 168
	log.roll.jitter.hours = 0
	log.roll.jitter.ms = null
	log.roll.ms = null
	log.segment.bytes = 1073741824
	log.segment.delete.delay.ms = 60000
	max.connections.per.ip = 2147483647
	max.connections.per.ip.overrides = 
	message.max.bytes = 1000012
	metric.reporters = []
	metrics.num.samples = 2
	metrics.recording.level = INFO
	metrics.sample.window.ms = 30000
	min.insync.replicas = 1
	num.io.threads = 8
	num.network.threads = 3
	num.partitions = 1
	num.recovery.threads.per.data.dir = 1
	num.replica.fetchers = 1
	offset.metadata.max.bytes = 4096
	offsets.commit.required.acks = -1
	offsets.commit.timeout.ms = 5000
	offsets.load.buffer.size = 5242880
	offsets.retention.check.interval.ms = 600000
	offsets.retention.minutes = 1440
	offsets.topic.compression.codec = 0
	offsets.topic.num.partitions = 50
	offsets.topic.replication.factor = 1
	offsets.topic.segment.bytes = 104857600
	port = 9092
	principal.builder.class = null
	producer.purgatory.purge.interval.requests = 1000
	queued.max.request.bytes = -1
	queued.max.requests = 500
	quota.consumer.default = 9223372036854775807
	quota.producer.default = 9223372036854775807
	quota.window.num = 11
	quota.window.size.seconds = 1
	replica.fetch.backoff.ms = 1000
	replica.fetch.max.bytes = 1048576
	replica.fetch.min.bytes = 1
	replica.fetch.response.max.bytes = 10485760
	replica.fetch.wait.max.ms = 500
	replica.high.watermark.checkpoint.interval.ms = 5000
	replica.lag.time.max.ms = 10000
	replica.socket.receive.buffer.bytes = 65536
	replica.socket.timeout.ms = 30000
	replication.quota.window.num = 11
	replication.quota.window.size.seconds = 1
	request.timeout.ms = 30000
	reserved.broker.max.id = 1000
	sasl.enabled.mechanisms = [GSSAPI]
	sasl.kerberos.kinit.cmd = /usr/bin/kinit
	sasl.kerberos.min.time.before.relogin = 60000
	sasl.kerberos.principal.to.local.rules = [DEFAULT]
	sasl.kerberos.service.name = null
	sasl.kerberos.ticket.renew.jitter = 0.05
	sasl.kerberos.ticket.renew.window.factor = 0.8
	sasl.mechanism.inter.broker.protocol = GSSAPI
	security.inter.broker.protocol = PLAINTEXT
	socket.receive.buffer.bytes = 102400
	socket.request.max.bytes = 104857600
	socket.send.buffer.bytes = 102400
	ssl.cipher.suites = null
	ssl.client.auth = none
	ssl.enabled.protocols = [TLSv1.2, TLSv1.1, TLSv1]
	ssl.endpoint.identification.algorithm = null
	ssl.key.password = null
	ssl.keymanager.algorithm = SunX509
	ssl.keystore.location = null
	ssl.keystore.password = null
	ssl.keystore.type = JKS
	ssl.protocol = TLS
	ssl.provider = null
	ssl.secure.random.implementation = null
	ssl.trustmanager.algorithm = PKIX
	ssl.truststore.location = null
	ssl.truststore.password = null
	ssl.truststore.type = JKS
	transaction.abort.timed.out.transaction.cleanup.interval.ms = 60000
	transaction.max.timeout.ms = 900000
	transaction.remove.expired.transaction.cleanup.interval.ms = 3600000
	transaction.state.log.load.buffer.size = 5242880
	transaction.state.log.min.isr = 1
	transaction.state.log.num.partitions = 50
	transaction.state.log.replication.factor = 1
	transaction.state.log.segment.bytes = 104857600
	transactional.id.expiration.ms = 604800000
	unclean.leader.election.enable = false
	zookeeper.connect = localhost:2181
	zookeeper.connection.timeout.ms = 6000
	zookeeper.session.timeout.ms = 6000
	zookeeper.set.acl = false
	zookeeper.sync.time.ms = 2000
 (kafka.server.KafkaConfig)
[2018-03-22 15:12:08,421] INFO starting (kafka.server.KafkaServer)
[2018-03-22 15:12:08,424] INFO Connecting to zookeeper on localhost:2181 (kafka.server.KafkaServer)
[2018-03-22 15:12:08,443] INFO Starting ZkClient event thread. (org.I0Itec.zkclient.ZkEventThread)
[2018-03-22 15:12:12,630] INFO Client environment:zookeeper.version=3.4.10-39d3a4f269333c922ed3db283be479f9deacaa0f, built on 03/23/2017 10:13 GMT (org.apache.zookeeper.ZooKeeper)
[2018-03-22 15:12:12,630] INFO Client environment:host.name=192.168.120.181 (org.apache.zookeeper.ZooKeeper)
[2018-03-22 15:12:12,630] INFO Client environment:java.version=1.8.0_144 (org.apache.zookeeper.ZooKeeper)
[2018-03-22 15:12:12,630] INFO Client environment:java.vendor=Oracle Corporation (org.apache.zookeeper.ZooKeeper)
[2018-03-22 15:12:12,630] INFO Client environment:java.home=/Library/Java/JavaVirtualMachines/jdk1.8.0_144.jdk/Contents/Home/jre (org.apache.zookeeper.ZooKeeper)
[2018-03-22 15:12:12,630] INFO Client environment:java.class.path=:/Users/benjaminbanister/Documents/Projects/kafka/kafka_2.11-1.0.1/bin/../libs/aopalliance-repackaged-2.5.0-b32.jar:/Users/benjaminbanister/Documents/Projects/kafka/kafka_2.11-1.0.1/bin/../libs/argparse4j-0.7.0.jar:/Users/benjaminbanister/Documents/Projects/kafka/kafka_2.11-1.0.1/bin/../libs/commons-lang3-3.5.jar:/Users/benjaminbanister/Documents/Projects/kafka/kafka_2.11-1.0.1/bin/../libs/connect-api-1.0.1.jar:/Users/benjaminbanister/Documents/Projects/kafka/kafka_2.11-1.0.1/bin/../libs/connect-file-1.0.1.jar:/Users/benjaminbanister/Documents/Projects/kafka/kafka_2.11-1.0.1/bin/../libs/connect-json-1.0.1.jar:/Users/benjaminbanister/Documents/Projects/kafka/kafka_2.11-1.0.1/bin/../libs/connect-runtime-1.0.1.jar:/Users/benjaminbanister/Documents/Projects/kafka/kafka_2.11-1.0.1/bin/../libs/connect-transforms-1.0.1.jar:/Users/benjaminbanister/Documents/Projects/kafka/kafka_2.11-1.0.1/bin/../libs/guava-20.0.jar:/Users/benjaminbanister/Documents/Projects/kafka/kafka_2.11-1.0.1/bin/../libs/hk2-api-2.5.0-b32.jar:/Users/benjaminbanister/Documents/Projects/kafka/kafka_2.11-1.0.1/bin/../libs/hk2-locator-2.5.0-b32.jar:/Users/benjaminbanister/Documents/Projects/kafka/kafka_2.11-1.0.1/bin/../libs/hk2-utils-2.5.0-b32.jar:/Users/benjaminbanister/Documents/Projects/kafka/kafka_2.11-1.0.1/bin/../libs/jackson-annotations-2.9.1.jar:/Users/benjaminbanister/Documents/Projects/kafka/kafka_2.11-1.0.1/bin/../libs/jackson-core-2.9.1.jar:/Users/benjaminbanister/Documents/Projects/kafka/kafka_2.11-1.0.1/bin/../libs/jackson-databind-2.9.1.jar:/Users/benjaminbanister/Documents/Projects/kafka/kafka_2.11-1.0.1/bin/../libs/jackson-jaxrs-base-2.9.1.jar:/Users/benjaminbanister/Documents/Projects/kafka/kafka_2.11-1.0.1/bin/../libs/jackson-jaxrs-json-provider-2.9.1.jar:/Users/benjaminbanister/Documents/Projects/kafka/kafka_2.11-1.0.1/bin/../libs/jackson-module-jaxb-annotations-2.9.1.jar:/Users/benjaminbanister/Documents/Projects/kafka/kafka_2.11-1.0.1/bin/../libs/javassist-3.20.0-GA.jar:/Users/benjaminbanister/Documents/Projects/kafka/kafka_2.11-1.0.1/bin/../libs/javassist-3.21.0-GA.jar:/Users/benjaminbanister/Documents/Projects/kafka/kafka_2.11-1.0.1/bin/../libs/javax.annotation-api-1.2.jar:/Users/benjaminbanister/Documents/Projects/kafka/kafka_2.11-1.0.1/bin/../libs/javax.inject-1.jar:/Users/benjaminbanister/Documents/Projects/kafka/kafka_2.11-1.0.1/bin/../libs/javax.inject-2.5.0-b32.jar:/Users/benjaminbanister/Documents/Projects/kafka/kafka_2.11-1.0.1/bin/../libs/javax.servlet-api-3.1.0.jar:/Users/benjaminbanister/Documents/Projects/kafka/kafka_2.11-1.0.1/bin/../libs/javax.ws.rs-api-2.0.1.jar:/Users/benjaminbanister/Documents/Projects/kafka/kafka_2.11-1.0.1/bin/../libs/jersey-client-2.25.1.jar:/Users/benjaminbanister/Documents/Projects/kafka/kafka_2.11-1.0.1/bin/../libs/jersey-common-2.25.1.jar:/Users/benjaminbanister/Documents/Projects/kafka/kafka_2.11-1.0.1/bin/../libs/jersey-container-servlet-2.25.1.jar:/Users/benjaminbanister/Documents/Projects/kafka/kafka_2.11-1.0.1/bin/../libs/jersey-container-servlet-core-2.25.1.jar:/Users/benjaminbanister/Documents/Projects/kafka/kafka_2.11-1.0.1/bin/../libs/jersey-guava-2.25.1.jar:/Users/benjaminbanister/Documents/Projects/kafka/kafka_2.11-1.0.1/bin/../libs/jersey-media-jaxb-2.25.1.jar:/Users/benjaminbanister/Documents/Projects/kafka/kafka_2.11-1.0.1/bin/../libs/jersey-server-2.25.1.jar:/Users/benjaminbanister/Documents/Projects/kafka/kafka_2.11-1.0.1/bin/../libs/jetty-continuation-9.2.22.v20170606.jar:/Users/benjaminbanister/Documents/Projects/kafka/kafka_2.11-1.0.1/bin/../libs/jetty-http-9.2.22.v20170606.jar:/Users/benjaminbanister/Documents/Projects/kafka/kafka_2.11-1.0.1/bin/../libs/jetty-io-9.2.22.v20170606.jar:/Users/benjaminbanister/Documents/Projects/kafka/kafka_2.11-1.0.1/bin/../libs/jetty-security-9.2.22.v20170606.jar:/Users/benjaminbanister/Documents/Projects/kafka/kafka_2.11-1.0.1/bin/../libs/jetty-server-9.2.22.v20170606.jar:/Users/benjaminbanister/Documents/Projects/kafka/kafka_2.11-1.0.1/bin/../libs/jetty-servlet-9.2.22.v20170606.jar:/Users/benjaminbanister/Documents/Projects/kafka/kafka_2.11-1.0.1/bin/../libs/jetty-servlets-9.2.22.v20170606.jar:/Users/benjaminbanister/Documents/Projects/kafka/kafka_2.11-1.0.1/bin/../libs/jetty-util-9.2.22.v20170606.jar:/Users/benjaminbanister/Documents/Projects/kafka/kafka_2.11-1.0.1/bin/../libs/jopt-simple-5.0.4.jar:/Users/benjaminbanister/Documents/Projects/kafka/kafka_2.11-1.0.1/bin/../libs/kafka-clients-1.0.1.jar:/Users/benjaminbanister/Documents/Projects/kafka/kafka_2.11-1.0.1/bin/../libs/kafka-log4j-appender-1.0.1.jar:/Users/benjaminbanister/Documents/Projects/kafka/kafka_2.11-1.0.1/bin/../libs/kafka-streams-1.0.1.jar:/Users/benjaminbanister/Documents/Projects/kafka/kafka_2.11-1.0.1/bin/../libs/kafka-streams-examples-1.0.1.jar:/Users/benjaminbanister/Documents/Projects/kafka/kafka_2.11-1.0.1/bin/../libs/kafka-tools-1.0.1.jar:/Users/benjaminbanister/Documents/Projects/kafka/kafka_2.11-1.0.1/bin/../libs/kafka_2.11-1.0.1-sources.jar:/Users/benjaminbanister/Documents/Projects/kafka/kafka_2.11-1.0.1/bin/../libs/kafka_2.11-1.0.1-test-sources.jar:/Users/benjaminbanister/Documents/Projects/kafka/kafka_2.11-1.0.1/bin/../libs/kafka_2.11-1.0.1.jar:/Users/benjaminbanister/Documents/Projects/kafka/kafka_2.11-1.0.1/bin/../libs/log4j-1.2.17.jar:/Users/benjaminbanister/Documents/Projects/kafka/kafka_2.11-1.0.1/bin/../libs/lz4-java-1.4.jar:/Users/benjaminbanister/Documents/Projects/kafka/kafka_2.11-1.0.1/bin/../libs/maven-artifact-3.5.0.jar:/Users/benjaminbanister/Documents/Projects/kafka/kafka_2.11-1.0.1/bin/../libs/metrics-core-2.2.0.jar:/Users/benjaminbanister/Documents/Projects/kafka/kafka_2.11-1.0.1/bin/../libs/osgi-resource-locator-1.0.1.jar:/Users/benjaminbanister/Documents/Projects/kafka/kafka_2.11-1.0.1/bin/../libs/plexus-utils-3.0.24.jar:/Users/benjaminbanister/Documents/Projects/kafka/kafka_2.11-1.0.1/bin/../libs/reflections-0.9.11.jar:/Users/benjaminbanister/Documents/Projects/kafka/kafka_2.11-1.0.1/bin/../libs/rocksdbjni-5.7.3.jar:/Users/benjaminbanister/Documents/Projects/kafka/kafka_2.11-1.0.1/bin/../libs/scala-library-2.11.12.jar:/Users/benjaminbanister/Documents/Projects/kafka/kafka_2.11-1.0.1/bin/../libs/slf4j-api-1.7.25.jar:/Users/benjaminbanister/Documents/Projects/kafka/kafka_2.11-1.0.1/bin/../libs/slf4j-log4j12-1.7.25.jar:/Users/benjaminbanister/Documents/Projects/kafka/kafka_2.11-1.0.1/bin/../libs/snappy-java-1.1.4.jar:/Users/benjaminbanister/Documents/Projects/kafka/kafka_2.11-1.0.1/bin/../libs/validation-api-1.1.0.Final.jar:/Users/benjaminbanister/Documents/Projects/kafka/kafka_2.11-1.0.1/bin/../libs/zkclient-0.10.jar:/Users/benjaminbanister/Documents/Projects/kafka/kafka_2.11-1.0.1/bin/../libs/zookeeper-3.4.10.jar (org.apache.zookeeper.ZooKeeper)
[2018-03-22 15:12:12,631] INFO Client environment:java.library.path=/Users/benjaminbanister/Library/Java/Extensions:/Library/Java/Extensions:/Network/Library/Java/Extensions:/System/Library/Java/Extensions:/usr/lib/java:. (org.apache.zookeeper.ZooKeeper)
[2018-03-22 15:12:12,631] INFO Client environment:java.io.tmpdir=/var/folders/4d/688njd2n7wqbx9y0v_w3q4d80000gn/T/ (org.apache.zookeeper.ZooKeeper)
[2018-03-22 15:12:12,631] INFO Client environment:java.compiler=<NA> (org.apache.zookeeper.ZooKeeper)
[2018-03-22 15:12:12,631] INFO Client environment:os.name=Mac OS X (org.apache.zookeeper.ZooKeeper)
[2018-03-22 15:12:12,631] INFO Client environment:os.arch=x86_64 (org.apache.zookeeper.ZooKeeper)
[2018-03-22 15:12:12,632] INFO Client environment:os.version=10.11 (org.apache.zookeeper.ZooKeeper)
[2018-03-22 15:12:12,632] INFO Client environment:user.name=benjaminbanister (org.apache.zookeeper.ZooKeeper)
[2018-03-22 15:12:12,632] INFO Client environment:user.home=/Users/benjaminbanister (org.apache.zookeeper.ZooKeeper)
[2018-03-22 15:12:12,632] INFO Client environment:user.dir=/Users/benjaminbanister/Documents/Projects/kafka (org.apache.zookeeper.ZooKeeper)
[2018-03-22 15:12:12,633] INFO Initiating client connection, connectString=localhost:2181 sessionTimeout=6000 watcher=org.I0Itec.zkclient.ZkClient@245b4bdc (org.apache.zookeeper.ZooKeeper)
[2018-03-22 15:12:12,650] INFO Waiting for keeper state SyncConnected (org.I0Itec.zkclient.ZkClient)
[2018-03-22 15:12:12,653] INFO Opening socket connection to server localhost/0:0:0:0:0:0:0:1:2181. Will not attempt to authenticate using SASL (unknown error) (org.apache.zookeeper.ClientCnxn)
[2018-03-22 15:12:12,668] INFO Socket connection established to localhost/0:0:0:0:0:0:0:1:2181, initiating session (org.apache.zookeeper.ClientCnxn)
[2018-03-22 15:12:12,701] INFO Session establishment complete on server localhost/0:0:0:0:0:0:0:1:2181, sessionid = 0x1624f1f87ef0000, negotiated timeout = 6000 (org.apache.zookeeper.ClientCnxn)
[2018-03-22 15:12:12,703] INFO zookeeper state changed (SyncConnected) (org.I0Itec.zkclient.ZkClient)
[2018-03-22 15:12:12,973] INFO Cluster ID = MhFbgFapTpWYwdYnjwzVdA (kafka.server.KafkaServer)
[2018-03-22 15:12:13,019] INFO [ThrottledRequestReaper-Fetch]: Starting (kafka.server.ClientQuotaManager$ThrottledRequestReaper)
[2018-03-22 15:12:13,020] INFO [ThrottledRequestReaper-Produce]: Starting (kafka.server.ClientQuotaManager$ThrottledRequestReaper)
[2018-03-22 15:12:13,022] INFO [ThrottledRequestReaper-Request]: Starting (kafka.server.ClientQuotaManager$ThrottledRequestReaper)
[2018-03-22 15:12:13,091] INFO Loading logs. (kafka.log.LogManager)
[2018-03-22 15:12:13,168] INFO Loading producer state from offset 0 for partition __consumer_offsets-0 with message format version 2 (kafka.log.Log)
[2018-03-22 15:12:13,185] INFO Completed load of log __consumer_offsets-0 with 1 log segments, log start offset 0 and log end offset 0 in 61 ms (kafka.log.Log)
[2018-03-22 15:12:13,194] INFO Loading producer state from offset 0 for partition __consumer_offsets-1 with message format version 2 (kafka.log.Log)
[2018-03-22 15:12:13,194] INFO Completed load of log __consumer_offsets-1 with 1 log segments, log start offset 0 and log end offset 0 in 2 ms (kafka.log.Log)
[2018-03-22 15:12:13,198] INFO Loading producer state from offset 0 for partition __consumer_offsets-10 with message format version 2 (kafka.log.Log)
[2018-03-22 15:12:13,199] INFO Completed load of log __consumer_offsets-10 with 1 log segments, log start offset 0 and log end offset 0 in 2 ms (kafka.log.Log)
[2018-03-22 15:12:13,204] INFO Loading producer state from offset 0 for partition __consumer_offsets-11 with message format version 2 (kafka.log.Log)
[2018-03-22 15:12:13,205] INFO Completed load of log __consumer_offsets-11 with 1 log segments, log start offset 0 and log end offset 0 in 3 ms (kafka.log.Log)
[2018-03-22 15:12:13,208] INFO Loading producer state from offset 0 for partition __consumer_offsets-12 with message format version 2 (kafka.log.Log)
[2018-03-22 15:12:13,209] INFO Completed load of log __consumer_offsets-12 with 1 log segments, log start offset 0 and log end offset 0 in 1 ms (kafka.log.Log)
[2018-03-22 15:12:13,212] INFO Loading producer state from offset 0 for partition __consumer_offsets-13 with message format version 2 (kafka.log.Log)
[2018-03-22 15:12:13,212] INFO Completed load of log __consumer_offsets-13 with 1 log segments, log start offset 0 and log end offset 0 in 1 ms (kafka.log.Log)
[2018-03-22 15:12:13,215] INFO Loading producer state from offset 0 for partition __consumer_offsets-14 with message format version 2 (kafka.log.Log)
[2018-03-22 15:12:13,216] INFO Completed load of log __consumer_offsets-14 with 1 log segments, log start offset 0 and log end offset 0 in 2 ms (kafka.log.Log)
[2018-03-22 15:12:13,219] INFO Loading producer state from offset 0 for partition __consumer_offsets-15 with message format version 2 (kafka.log.Log)
[2018-03-22 15:12:13,219] INFO Completed load of log __consumer_offsets-15 with 1 log segments, log start offset 0 and log end offset 0 in 1 ms (kafka.log.Log)
[2018-03-22 15:12:13,223] INFO Loading producer state from offset 0 for partition __consumer_offsets-16 with message format version 2 (kafka.log.Log)
[2018-03-22 15:12:13,223] INFO Completed load of log __consumer_offsets-16 with 1 log segments, log start offset 0 and log end offset 0 in 1 ms (kafka.log.Log)
[2018-03-22 15:12:13,226] INFO Loading producer state from offset 0 for partition __consumer_offsets-17 with message format version 2 (kafka.log.Log)
[2018-03-22 15:12:13,227] INFO Completed load of log __consumer_offsets-17 with 1 log segments, log start offset 0 and log end offset 0 in 2 ms (kafka.log.Log)
[2018-03-22 15:12:13,231] INFO Loading producer state from offset 0 for partition __consumer_offsets-18 with message format version 2 (kafka.log.Log)
[2018-03-22 15:12:13,231] INFO Completed load of log __consumer_offsets-18 with 1 log segments, log start offset 0 and log end offset 0 in 2 ms (kafka.log.Log)
[2018-03-22 15:12:13,234] INFO Loading producer state from offset 0 for partition __consumer_offsets-19 with message format version 2 (kafka.log.Log)
[2018-03-22 15:12:13,235] INFO Completed load of log __consumer_offsets-19 with 1 log segments, log start offset 0 and log end offset 0 in 2 ms (kafka.log.Log)
[2018-03-22 15:12:13,238] INFO Loading producer state from offset 0 for partition __consumer_offsets-2 with message format version 2 (kafka.log.Log)
[2018-03-22 15:12:13,238] INFO Completed load of log __consumer_offsets-2 with 1 log segments, log start offset 0 and log end offset 0 in 1 ms (kafka.log.Log)
[2018-03-22 15:12:13,241] INFO Loading producer state from offset 0 for partition __consumer_offsets-20 with message format version 2 (kafka.log.Log)
[2018-03-22 15:12:13,242] INFO Completed load of log __consumer_offsets-20 with 1 log segments, log start offset 0 and log end offset 0 in 2 ms (kafka.log.Log)
[2018-03-22 15:12:13,245] INFO Loading producer state from offset 0 for partition __consumer_offsets-21 with message format version 2 (kafka.log.Log)
[2018-03-22 15:12:13,245] INFO Completed load of log __consumer_offsets-21 with 1 log segments, log start offset 0 and log end offset 0 in 2 ms (kafka.log.Log)
[2018-03-22 15:12:13,248] INFO Loading producer state from offset 0 for partition __consumer_offsets-22 with message format version 2 (kafka.log.Log)
[2018-03-22 15:12:13,248] INFO Completed load of log __consumer_offsets-22 with 1 log segments, log start offset 0 and log end offset 0 in 1 ms (kafka.log.Log)
[2018-03-22 15:12:13,251] INFO Loading producer state from offset 0 for partition __consumer_offsets-23 with message format version 2 (kafka.log.Log)
[2018-03-22 15:12:13,251] INFO Completed load of log __consumer_offsets-23 with 1 log segments, log start offset 0 and log end offset 0 in 1 ms (kafka.log.Log)
[2018-03-22 15:12:13,255] INFO Loading producer state from offset 0 for partition __consumer_offsets-24 with message format version 2 (kafka.log.Log)
[2018-03-22 15:12:13,256] INFO Completed load of log __consumer_offsets-24 with 1 log segments, log start offset 0 and log end offset 0 in 2 ms (kafka.log.Log)
[2018-03-22 15:12:13,259] INFO Loading producer state from offset 0 for partition __consumer_offsets-25 with message format version 2 (kafka.log.Log)
[2018-03-22 15:12:13,259] INFO Completed load of log __consumer_offsets-25 with 1 log segments, log start offset 0 and log end offset 0 in 2 ms (kafka.log.Log)
[2018-03-22 15:12:13,262] INFO Loading producer state from offset 0 for partition __consumer_offsets-26 with message format version 2 (kafka.log.Log)
[2018-03-22 15:12:13,262] INFO Completed load of log __consumer_offsets-26 with 1 log segments, log start offset 0 and log end offset 0 in 1 ms (kafka.log.Log)
[2018-03-22 15:12:13,265] INFO Loading producer state from offset 0 for partition __consumer_offsets-27 with message format version 2 (kafka.log.Log)
[2018-03-22 15:12:13,265] INFO Completed load of log __consumer_offsets-27 with 1 log segments, log start offset 0 and log end offset 0 in 1 ms (kafka.log.Log)
[2018-03-22 15:12:13,268] INFO Loading producer state from offset 0 for partition __consumer_offsets-28 with message format version 2 (kafka.log.Log)
[2018-03-22 15:12:13,268] INFO Completed load of log __consumer_offsets-28 with 1 log segments, log start offset 0 and log end offset 0 in 1 ms (kafka.log.Log)
[2018-03-22 15:12:13,272] INFO Loading producer state from offset 0 for partition __consumer_offsets-29 with message format version 2 (kafka.log.Log)
[2018-03-22 15:12:13,272] INFO Completed load of log __consumer_offsets-29 with 1 log segments, log start offset 0 and log end offset 0 in 2 ms (kafka.log.Log)
[2018-03-22 15:12:13,275] INFO Loading producer state from offset 0 for partition __consumer_offsets-3 with message format version 2 (kafka.log.Log)
[2018-03-22 15:12:13,275] INFO Completed load of log __consumer_offsets-3 with 1 log segments, log start offset 0 and log end offset 0 in 1 ms (kafka.log.Log)
[2018-03-22 15:12:13,278] INFO Loading producer state from offset 0 for partition __consumer_offsets-30 with message format version 2 (kafka.log.Log)
[2018-03-22 15:12:13,278] INFO Completed load of log __consumer_offsets-30 with 1 log segments, log start offset 0 and log end offset 0 in 1 ms (kafka.log.Log)
[2018-03-22 15:12:13,281] INFO Loading producer state from offset 0 for partition __consumer_offsets-31 with message format version 2 (kafka.log.Log)
[2018-03-22 15:12:13,281] INFO Completed load of log __consumer_offsets-31 with 1 log segments, log start offset 0 and log end offset 0 in 1 ms (kafka.log.Log)
[2018-03-22 15:12:13,285] INFO Loading producer state from offset 0 for partition __consumer_offsets-32 with message format version 2 (kafka.log.Log)
[2018-03-22 15:12:13,285] INFO Completed load of log __consumer_offsets-32 with 1 log segments, log start offset 0 and log end offset 0 in 2 ms (kafka.log.Log)
[2018-03-22 15:12:13,288] INFO Loading producer state from offset 0 for partition __consumer_offsets-33 with message format version 2 (kafka.log.Log)
[2018-03-22 15:12:13,288] INFO Completed load of log __consumer_offsets-33 with 1 log segments, log start offset 0 and log end offset 0 in 1 ms (kafka.log.Log)
[2018-03-22 15:12:13,291] INFO Loading producer state from offset 0 for partition __consumer_offsets-34 with message format version 2 (kafka.log.Log)
[2018-03-22 15:12:13,292] INFO Completed load of log __consumer_offsets-34 with 1 log segments, log start offset 0 and log end offset 0 in 2 ms (kafka.log.Log)
[2018-03-22 15:12:13,294] INFO Loading producer state from offset 0 for partition __consumer_offsets-35 with message format version 2 (kafka.log.Log)
[2018-03-22 15:12:13,295] INFO Completed load of log __consumer_offsets-35 with 1 log segments, log start offset 0 and log end offset 0 in 2 ms (kafka.log.Log)
[2018-03-22 15:12:13,298] INFO Loading producer state from offset 0 for partition __consumer_offsets-36 with message format version 2 (kafka.log.Log)
[2018-03-22 15:12:13,298] INFO Completed load of log __consumer_offsets-36 with 1 log segments, log start offset 0 and log end offset 0 in 2 ms (kafka.log.Log)
[2018-03-22 15:12:13,301] INFO Loading producer state from offset 0 for partition __consumer_offsets-37 with message format version 2 (kafka.log.Log)
[2018-03-22 15:12:13,302] INFO Completed load of log __consumer_offsets-37 with 1 log segments, log start offset 0 and log end offset 0 in 2 ms (kafka.log.Log)
[2018-03-22 15:12:13,304] INFO Loading producer state from offset 0 for partition __consumer_offsets-38 with message format version 2 (kafka.log.Log)
[2018-03-22 15:12:13,305] INFO Completed load of log __consumer_offsets-38 with 1 log segments, log start offset 0 and log end offset 0 in 2 ms (kafka.log.Log)
[2018-03-22 15:12:13,308] INFO Loading producer state from offset 0 for partition __consumer_offsets-39 with message format version 2 (kafka.log.Log)
[2018-03-22 15:12:13,308] INFO Completed load of log __consumer_offsets-39 with 1 log segments, log start offset 0 and log end offset 0 in 2 ms (kafka.log.Log)
[2018-03-22 15:12:13,311] INFO Loading producer state from offset 0 for partition __consumer_offsets-4 with message format version 2 (kafka.log.Log)
[2018-03-22 15:12:13,311] INFO Completed load of log __consumer_offsets-4 with 1 log segments, log start offset 0 and log end offset 0 in 1 ms (kafka.log.Log)
[2018-03-22 15:12:13,314] INFO Loading producer state from offset 0 for partition __consumer_offsets-40 with message format version 2 (kafka.log.Log)
[2018-03-22 15:12:13,315] INFO Completed load of log __consumer_offsets-40 with 1 log segments, log start offset 0 and log end offset 0 in 2 ms (kafka.log.Log)
[2018-03-22 15:12:13,317] INFO Loading producer state from offset 0 for partition __consumer_offsets-41 with message format version 2 (kafka.log.Log)
[2018-03-22 15:12:13,318] INFO Completed load of log __consumer_offsets-41 with 1 log segments, log start offset 0 and log end offset 0 in 2 ms (kafka.log.Log)
[2018-03-22 15:12:13,320] INFO Loading producer state from offset 0 for partition __consumer_offsets-42 with message format version 2 (kafka.log.Log)
[2018-03-22 15:12:13,321] INFO Completed load of log __consumer_offsets-42 with 1 log segments, log start offset 0 and log end offset 0 in 2 ms (kafka.log.Log)
[2018-03-22 15:12:13,323] INFO Loading producer state from offset 0 for partition __consumer_offsets-43 with message format version 2 (kafka.log.Log)
[2018-03-22 15:12:13,324] INFO Completed load of log __consumer_offsets-43 with 1 log segments, log start offset 0 and log end offset 0 in 2 ms (kafka.log.Log)
[2018-03-22 15:12:13,326] INFO Loading producer state from offset 0 for partition __consumer_offsets-44 with message format version 2 (kafka.log.Log)
[2018-03-22 15:12:13,326] INFO Completed load of log __consumer_offsets-44 with 1 log segments, log start offset 0 and log end offset 0 in 1 ms (kafka.log.Log)
[2018-03-22 15:12:13,329] INFO Loading producer state from offset 0 for partition __consumer_offsets-45 with message format version 2 (kafka.log.Log)
[2018-03-22 15:12:13,330] INFO Completed load of log __consumer_offsets-45 with 1 log segments, log start offset 0 and log end offset 0 in 2 ms (kafka.log.Log)
[2018-03-22 15:12:13,333] INFO Loading producer state from offset 0 for partition __consumer_offsets-46 with message format version 2 (kafka.log.Log)
[2018-03-22 15:12:13,334] INFO Completed load of log __consumer_offsets-46 with 1 log segments, log start offset 0 and log end offset 0 in 2 ms (kafka.log.Log)
[2018-03-22 15:12:13,336] INFO Loading producer state from offset 0 for partition __consumer_offsets-47 with message format version 2 (kafka.log.Log)
[2018-03-22 15:12:13,337] INFO Completed load of log __consumer_offsets-47 with 1 log segments, log start offset 0 and log end offset 0 in 2 ms (kafka.log.Log)
[2018-03-22 15:12:13,351] INFO Loading producer state from offset 2410 for partition __consumer_offsets-48 with message format version 2 (kafka.log.Log)
[2018-03-22 15:12:13,356] INFO Loading producer state from snapshot file '/tmp/kafka-logs/__consumer_offsets-48/00000000000000002410.snapshot' for partition __consumer_offsets-48 (kafka.log.ProducerStateManager)
[2018-03-22 15:12:13,370] INFO Completed load of log __consumer_offsets-48 with 1 log segments, log start offset 0 and log end offset 2410 in 28 ms (kafka.log.Log)
[2018-03-22 15:12:13,372] INFO Loading producer state from offset 0 for partition __consumer_offsets-49 with message format version 2 (kafka.log.Log)
[2018-03-22 15:12:13,373] INFO Completed load of log __consumer_offsets-49 with 1 log segments, log start offset 0 and log end offset 0 in 2 ms (kafka.log.Log)
[2018-03-22 15:12:13,375] INFO Loading producer state from offset 0 for partition __consumer_offsets-5 with message format version 2 (kafka.log.Log)
[2018-03-22 15:12:13,375] INFO Completed load of log __consumer_offsets-5 with 1 log segments, log start offset 0 and log end offset 0 in 1 ms (kafka.log.Log)
[2018-03-22 15:12:13,378] INFO Loading producer state from offset 0 for partition __consumer_offsets-6 with message format version 2 (kafka.log.Log)
[2018-03-22 15:12:13,378] INFO Completed load of log __consumer_offsets-6 with 1 log segments, log start offset 0 and log end offset 0 in 1 ms (kafka.log.Log)
[2018-03-22 15:12:13,381] INFO Loading producer state from offset 0 for partition __consumer_offsets-7 with message format version 2 (kafka.log.Log)
[2018-03-22 15:12:13,381] INFO Completed load of log __consumer_offsets-7 with 1 log segments, log start offset 0 and log end offset 0 in 2 ms (kafka.log.Log)
[2018-03-22 15:12:13,384] INFO Loading producer state from offset 0 for partition __consumer_offsets-8 with message format version 2 (kafka.log.Log)
[2018-03-22 15:12:13,384] INFO Completed load of log __consumer_offsets-8 with 1 log segments, log start offset 0 and log end offset 0 in 1 ms (kafka.log.Log)
[2018-03-22 15:12:13,387] INFO Loading producer state from offset 0 for partition __consumer_offsets-9 with message format version 2 (kafka.log.Log)
[2018-03-22 15:12:13,387] INFO Completed load of log __consumer_offsets-9 with 1 log segments, log start offset 0 and log end offset 0 in 1 ms (kafka.log.Log)
[2018-03-22 15:12:13,393] INFO Loading producer state from offset 21937 for partition data_change_events-0 with message format version 2 (kafka.log.Log)
[2018-03-22 15:12:13,394] INFO Loading producer state from snapshot file '/tmp/kafka-logs/data_change_events-0/00000000000000021937.snapshot' for partition data_change_events-0 (kafka.log.ProducerStateManager)
[2018-03-22 15:12:13,394] INFO Completed load of log data_change_events-0 with 1 log segments, log start offset 0 and log end offset 21937 in 5 ms (kafka.log.Log)
[2018-03-22 15:12:13,397] INFO Logs loading complete in 306 ms. (kafka.log.LogManager)
[2018-03-22 15:12:13,480] INFO Starting log cleanup with a period of 300000 ms. (kafka.log.LogManager)
[2018-03-22 15:12:13,481] INFO Starting log flusher with a default period of 9223372036854775807 ms. (kafka.log.LogManager)
[2018-03-22 15:12:13,688] INFO Awaiting socket connections on 0.0.0.0:9092. (kafka.network.Acceptor)
[2018-03-22 15:12:13,692] INFO [SocketServer brokerId=0] Started 1 acceptor threads (kafka.network.SocketServer)
[2018-03-22 15:12:13,714] INFO [ExpirationReaper-0-Produce]: Starting (kafka.server.DelayedOperationPurgatory$ExpiredOperationReaper)
[2018-03-22 15:12:13,715] INFO [ExpirationReaper-0-Fetch]: Starting (kafka.server.DelayedOperationPurgatory$ExpiredOperationReaper)
[2018-03-22 15:12:13,715] INFO [ExpirationReaper-0-DeleteRecords]: Starting (kafka.server.DelayedOperationPurgatory$ExpiredOperationReaper)
[2018-03-22 15:12:13,725] INFO [LogDirFailureHandler]: Starting (kafka.server.ReplicaManager$LogDirFailureHandler)
[2018-03-22 15:12:13,775] INFO [ExpirationReaper-0-topic]: Starting (kafka.server.DelayedOperationPurgatory$ExpiredOperationReaper)
[2018-03-22 15:12:13,780] INFO [ExpirationReaper-0-Heartbeat]: Starting (kafka.server.DelayedOperationPurgatory$ExpiredOperationReaper)
[2018-03-22 15:12:13,780] INFO [ExpirationReaper-0-Rebalance]: Starting (kafka.server.DelayedOperationPurgatory$ExpiredOperationReaper)
[2018-03-22 15:12:13,797] INFO Creating /controller (is it secure? false) (kafka.utils.ZKCheckedEphemeral)
[2018-03-22 15:12:13,801] INFO [GroupCoordinator 0]: Starting up. (kafka.coordinator.group.GroupCoordinator)
[2018-03-22 15:12:13,802] INFO [GroupCoordinator 0]: Startup complete. (kafka.coordinator.group.GroupCoordinator)
[2018-03-22 15:12:13,803] INFO [GroupMetadataManager brokerId=0] Removed 0 expired offsets in 1 milliseconds. (kafka.coordinator.group.GroupMetadataManager)
[2018-03-22 15:12:13,808] INFO Result of znode creation is: OK (kafka.utils.ZKCheckedEphemeral)
[2018-03-22 15:12:13,820] INFO [ProducerId Manager 0]: Acquired new producerId block (brokerId:0,blockStartProducerId:6000,blockEndProducerId:6999) by writing to Zk with path version 7 (kafka.coordinator.transaction.ProducerIdManager)
[2018-03-22 15:12:13,843] INFO [TransactionCoordinator id=0] Starting up. (kafka.coordinator.transaction.TransactionCoordinator)
[2018-03-22 15:12:13,846] INFO [Transaction Marker Channel Manager 0]: Starting (kafka.coordinator.transaction.TransactionMarkerChannelManager)
[2018-03-22 15:12:13,846] INFO [TransactionCoordinator id=0] Startup complete. (kafka.coordinator.transaction.TransactionCoordinator)
[2018-03-22 15:12:13,912] INFO Creating /brokers/ids/0 (is it secure? false) (kafka.utils.ZKCheckedEphemeral)
[2018-03-22 15:12:13,917] INFO Result of znode creation is: OK (kafka.utils.ZKCheckedEphemeral)
[2018-03-22 15:12:13,919] INFO Registered broker 0 at path /brokers/ids/0 with addresses: EndPoint(192.168.120.181,9092,ListenerName(PLAINTEXT),PLAINTEXT) (kafka.utils.ZkUtils)
[2018-03-22 15:12:13,923] INFO Kafka version : 1.0.1 (org.apache.kafka.common.utils.AppInfoParser)
[2018-03-22 15:12:13,923] INFO Kafka commitId : c0518aa65f25317e (org.apache.kafka.common.utils.AppInfoParser)
[2018-03-22 15:12:13,924] INFO [KafkaServer id=0] started (kafka.server.KafkaServer)
[2018-03-22 15:12:14,182] INFO [ReplicaFetcherManager on broker 0] Removed fetcher for partitions __consumer_offsets-22,__consumer_offsets-30,__consumer_offsets-8,__consumer_offsets-21,__consumer_offsets-4,__consumer_offsets-27,__consumer_offsets-7,__consumer_offsets-9,__consumer_offsets-46,__consumer_offsets-25,__consumer_offsets-35,__consumer_offsets-41,__consumer_offsets-33,__consumer_offsets-23,__consumer_offsets-49,__consumer_offsets-47,__consumer_offsets-16,__consumer_offsets-28,__consumer_offsets-31,__consumer_offsets-36,__consumer_offsets-42,__consumer_offsets-3,__consumer_offsets-18,__consumer_offsets-37,__consumer_offsets-15,__consumer_offsets-24,__consumer_offsets-38,__consumer_offsets-17,__consumer_offsets-48,data_change_events-0,__consumer_offsets-19,__consumer_offsets-11,__consumer_offsets-13,__consumer_offsets-2,__consumer_offsets-43,__consumer_offsets-6,__consumer_offsets-14,__consumer_offsets-20,__consumer_offsets-0,__consumer_offsets-44,__consumer_offsets-39,__consumer_offsets-12,__consumer_offsets-45,__consumer_offsets-1,__consumer_offsets-5,__consumer_offsets-26,__consumer_offsets-29,__consumer_offsets-34,__consumer_offsets-10,__consumer_offsets-32,__consumer_offsets-40 (kafka.server.ReplicaFetcherManager)
[2018-03-22 15:12:14,197] INFO Replica loaded for partition __consumer_offsets-0 with initial high watermark 0 (kafka.cluster.Replica)
[2018-03-22 15:12:14,200] INFO [Partition __consumer_offsets-0 broker=0] __consumer_offsets-0 starts at Leader Epoch 1 from offset 0. Previous Leader Epoch was: -1 (kafka.cluster.Partition)
[2018-03-22 15:12:14,213] INFO Replica loaded for partition __consumer_offsets-29 with initial high watermark 0 (kafka.cluster.Replica)
[2018-03-22 15:12:14,214] INFO [Partition __consumer_offsets-29 broker=0] __consumer_offsets-29 starts at Leader Epoch 1 from offset 0. Previous Leader Epoch was: -1 (kafka.cluster.Partition)
[2018-03-22 15:12:14,216] INFO Replica loaded for partition __consumer_offsets-48 with initial high watermark 2410 (kafka.cluster.Replica)
[2018-03-22 15:12:14,216] INFO [Partition __consumer_offsets-48 broker=0] __consumer_offsets-48 starts at Leader Epoch 1 from offset 2410. Previous Leader Epoch was: -1 (kafka.cluster.Partition)
[2018-03-22 15:12:14,219] INFO Replica loaded for partition __consumer_offsets-10 with initial high watermark 0 (kafka.cluster.Replica)
[2018-03-22 15:12:14,219] INFO [Partition __consumer_offsets-10 broker=0] __consumer_offsets-10 starts at Leader Epoch 1 from offset 0. Previous Leader Epoch was: -1 (kafka.cluster.Partition)
[2018-03-22 15:12:14,222] INFO Replica loaded for partition __consumer_offsets-45 with initial high watermark 0 (kafka.cluster.Replica)
[2018-03-22 15:12:14,222] INFO [Partition __consumer_offsets-45 broker=0] __consumer_offsets-45 starts at Leader Epoch 1 from offset 0. Previous Leader Epoch was: -1 (kafka.cluster.Partition)
[2018-03-22 15:12:14,225] INFO Replica loaded for partition __consumer_offsets-26 with initial high watermark 0 (kafka.cluster.Replica)
[2018-03-22 15:12:14,225] INFO [Partition __consumer_offsets-26 broker=0] __consumer_offsets-26 starts at Leader Epoch 1 from offset 0. Previous Leader Epoch was: -1 (kafka.cluster.Partition)
[2018-03-22 15:12:14,227] INFO Replica loaded for partition __consumer_offsets-7 with initial high watermark 0 (kafka.cluster.Replica)
[2018-03-22 15:12:14,227] INFO [Partition __consumer_offsets-7 broker=0] __consumer_offsets-7 starts at Leader Epoch 1 from offset 0. Previous Leader Epoch was: -1 (kafka.cluster.Partition)
[2018-03-22 15:12:14,230] INFO Replica loaded for partition __consumer_offsets-42 with initial high watermark 0 (kafka.cluster.Replica)
[2018-03-22 15:12:14,230] INFO [Partition __consumer_offsets-42 broker=0] __consumer_offsets-42 starts at Leader Epoch 1 from offset 0. Previous Leader Epoch was: -1 (kafka.cluster.Partition)
[2018-03-22 15:12:14,232] INFO Replica loaded for partition __consumer_offsets-4 with initial high watermark 0 (kafka.cluster.Replica)
[2018-03-22 15:12:14,233] INFO [Partition __consumer_offsets-4 broker=0] __consumer_offsets-4 starts at Leader Epoch 1 from offset 0. Previous Leader Epoch was: -1 (kafka.cluster.Partition)
[2018-03-22 15:12:14,235] INFO Replica loaded for partition __consumer_offsets-23 with initial high watermark 0 (kafka.cluster.Replica)
[2018-03-22 15:12:14,236] INFO [Partition __consumer_offsets-23 broker=0] __consumer_offsets-23 starts at Leader Epoch 1 from offset 0. Previous Leader Epoch was: -1 (kafka.cluster.Partition)
[2018-03-22 15:12:14,238] INFO Replica loaded for partition __consumer_offsets-1 with initial high watermark 0 (kafka.cluster.Replica)
[2018-03-22 15:12:14,238] INFO [Partition __consumer_offsets-1 broker=0] __consumer_offsets-1 starts at Leader Epoch 1 from offset 0. Previous Leader Epoch was: -1 (kafka.cluster.Partition)
[2018-03-22 15:12:14,240] INFO Replica loaded for partition __consumer_offsets-20 with initial high watermark 0 (kafka.cluster.Replica)
[2018-03-22 15:12:14,241] INFO [Partition __consumer_offsets-20 broker=0] __consumer_offsets-20 starts at Leader Epoch 1 from offset 0. Previous Leader Epoch was: -1 (kafka.cluster.Partition)
[2018-03-22 15:12:14,243] INFO Replica loaded for partition __consumer_offsets-39 with initial high watermark 0 (kafka.cluster.Replica)
[2018-03-22 15:12:14,243] INFO [Partition __consumer_offsets-39 broker=0] __consumer_offsets-39 starts at Leader Epoch 1 from offset 0. Previous Leader Epoch was: -1 (kafka.cluster.Partition)
[2018-03-22 15:12:14,245] INFO Replica loaded for partition __consumer_offsets-17 with initial high watermark 0 (kafka.cluster.Replica)
[2018-03-22 15:12:14,245] INFO [Partition __consumer_offsets-17 broker=0] __consumer_offsets-17 starts at Leader Epoch 1 from offset 0. Previous Leader Epoch was: -1 (kafka.cluster.Partition)
[2018-03-22 15:12:14,247] INFO Replica loaded for partition __consumer_offsets-36 with initial high watermark 0 (kafka.cluster.Replica)
[2018-03-22 15:12:14,247] INFO [Partition __consumer_offsets-36 broker=0] __consumer_offsets-36 starts at Leader Epoch 1 from offset 0. Previous Leader Epoch was: -1 (kafka.cluster.Partition)
[2018-03-22 15:12:14,249] INFO Replica loaded for partition __consumer_offsets-14 with initial high watermark 0 (kafka.cluster.Replica)
[2018-03-22 15:12:14,249] INFO [Partition __consumer_offsets-14 broker=0] __consumer_offsets-14 starts at Leader Epoch 1 from offset 0. Previous Leader Epoch was: -1 (kafka.cluster.Partition)
[2018-03-22 15:12:14,251] INFO Replica loaded for partition __consumer_offsets-33 with initial high watermark 0 (kafka.cluster.Replica)
[2018-03-22 15:12:14,251] INFO [Partition __consumer_offsets-33 broker=0] __consumer_offsets-33 starts at Leader Epoch 1 from offset 0. Previous Leader Epoch was: -1 (kafka.cluster.Partition)
[2018-03-22 15:12:14,253] INFO Replica loaded for partition __consumer_offsets-49 with initial high watermark 0 (kafka.cluster.Replica)
[2018-03-22 15:12:14,253] INFO [Partition __consumer_offsets-49 broker=0] __consumer_offsets-49 starts at Leader Epoch 1 from offset 0. Previous Leader Epoch was: -1 (kafka.cluster.Partition)
[2018-03-22 15:12:14,255] INFO Replica loaded for partition __consumer_offsets-11 with initial high watermark 0 (kafka.cluster.Replica)
[2018-03-22 15:12:14,255] INFO [Partition __consumer_offsets-11 broker=0] __consumer_offsets-11 starts at Leader Epoch 1 from offset 0. Previous Leader Epoch was: -1 (kafka.cluster.Partition)
[2018-03-22 15:12:14,258] INFO Replica loaded for partition __consumer_offsets-30 with initial high watermark 0 (kafka.cluster.Replica)
[2018-03-22 15:12:14,258] INFO [Partition __consumer_offsets-30 broker=0] __consumer_offsets-30 starts at Leader Epoch 1 from offset 0. Previous Leader Epoch was: -1 (kafka.cluster.Partition)
[2018-03-22 15:12:14,260] INFO Replica loaded for partition __consumer_offsets-46 with initial high watermark 0 (kafka.cluster.Replica)
[2018-03-22 15:12:14,260] INFO [Partition __consumer_offsets-46 broker=0] __consumer_offsets-46 starts at Leader Epoch 1 from offset 0. Previous Leader Epoch was: -1 (kafka.cluster.Partition)
[2018-03-22 15:12:14,261] INFO Replica loaded for partition __consumer_offsets-27 with initial high watermark 0 (kafka.cluster.Replica)
[2018-03-22 15:12:14,262] INFO [Partition __consumer_offsets-27 broker=0] __consumer_offsets-27 starts at Leader Epoch 1 from offset 0. Previous Leader Epoch was: -1 (kafka.cluster.Partition)
[2018-03-22 15:12:14,263] INFO Replica loaded for partition __consumer_offsets-8 with initial high watermark 0 (kafka.cluster.Replica)
[2018-03-22 15:12:14,264] INFO [Partition __consumer_offsets-8 broker=0] __consumer_offsets-8 starts at Leader Epoch 1 from offset 0. Previous Leader Epoch was: -1 (kafka.cluster.Partition)
[2018-03-22 15:12:14,266] INFO Replica loaded for partition __consumer_offsets-24 with initial high watermark 0 (kafka.cluster.Replica)
[2018-03-22 15:12:14,266] INFO [Partition __consumer_offsets-24 broker=0] __consumer_offsets-24 starts at Leader Epoch 1 from offset 0. Previous Leader Epoch was: -1 (kafka.cluster.Partition)
[2018-03-22 15:12:14,268] INFO Replica loaded for partition __consumer_offsets-43 with initial high watermark 0 (kafka.cluster.Replica)
[2018-03-22 15:12:14,268] INFO [Partition __consumer_offsets-43 broker=0] __consumer_offsets-43 starts at Leader Epoch 1 from offset 0. Previous Leader Epoch was: -1 (kafka.cluster.Partition)
[2018-03-22 15:12:14,270] INFO Replica loaded for partition __consumer_offsets-5 with initial high watermark 0 (kafka.cluster.Replica)
[2018-03-22 15:12:14,270] INFO [Partition __consumer_offsets-5 broker=0] __consumer_offsets-5 starts at Leader Epoch 1 from offset 0. Previous Leader Epoch was: -1 (kafka.cluster.Partition)
[2018-03-22 15:12:14,272] INFO Replica loaded for partition __consumer_offsets-21 with initial high watermark 0 (kafka.cluster.Replica)
[2018-03-22 15:12:14,273] INFO [Partition __consumer_offsets-21 broker=0] __consumer_offsets-21 starts at Leader Epoch 1 from offset 0. Previous Leader Epoch was: -1 (kafka.cluster.Partition)
[2018-03-22 15:12:14,275] INFO Replica loaded for partition __consumer_offsets-2 with initial high watermark 0 (kafka.cluster.Replica)
[2018-03-22 15:12:14,275] INFO [Partition __consumer_offsets-2 broker=0] __consumer_offsets-2 starts at Leader Epoch 1 from offset 0. Previous Leader Epoch was: -1 (kafka.cluster.Partition)
[2018-03-22 15:12:14,278] INFO Replica loaded for partition __consumer_offsets-40 with initial high watermark 0 (kafka.cluster.Replica)
[2018-03-22 15:12:14,278] INFO [Partition __consumer_offsets-40 broker=0] __consumer_offsets-40 starts at Leader Epoch 1 from offset 0. Previous Leader Epoch was: -1 (kafka.cluster.Partition)
[2018-03-22 15:12:14,280] INFO Replica loaded for partition __consumer_offsets-37 with initial high watermark 0 (kafka.cluster.Replica)
[2018-03-22 15:12:14,280] INFO [Partition __consumer_offsets-37 broker=0] __consumer_offsets-37 starts at Leader Epoch 1 from offset 0. Previous Leader Epoch was: -1 (kafka.cluster.Partition)
[2018-03-22 15:12:14,282] INFO Replica loaded for partition __consumer_offsets-18 with initial high watermark 0 (kafka.cluster.Replica)
[2018-03-22 15:12:14,283] INFO [Partition __consumer_offsets-18 broker=0] __consumer_offsets-18 starts at Leader Epoch 1 from offset 0. Previous Leader Epoch was: -1 (kafka.cluster.Partition)
[2018-03-22 15:12:14,285] INFO Replica loaded for partition __consumer_offsets-34 with initial high watermark 0 (kafka.cluster.Replica)
[2018-03-22 15:12:14,285] INFO [Partition __consumer_offsets-34 broker=0] __consumer_offsets-34 starts at Leader Epoch 1 from offset 0. Previous Leader Epoch was: -1 (kafka.cluster.Partition)
[2018-03-22 15:12:14,287] INFO Replica loaded for partition __consumer_offsets-15 with initial high watermark 0 (kafka.cluster.Replica)
[2018-03-22 15:12:14,288] INFO [Partition __consumer_offsets-15 broker=0] __consumer_offsets-15 starts at Leader Epoch 1 from offset 0. Previous Leader Epoch was: -1 (kafka.cluster.Partition)
[2018-03-22 15:12:14,290] INFO Replica loaded for partition __consumer_offsets-12 with initial high watermark 0 (kafka.cluster.Replica)
[2018-03-22 15:12:14,290] INFO [Partition __consumer_offsets-12 broker=0] __consumer_offsets-12 starts at Leader Epoch 1 from offset 0. Previous Leader Epoch was: -1 (kafka.cluster.Partition)
[2018-03-22 15:12:14,292] INFO Replica loaded for partition __consumer_offsets-31 with initial high watermark 0 (kafka.cluster.Replica)
[2018-03-22 15:12:14,293] INFO [Partition __consumer_offsets-31 broker=0] __consumer_offsets-31 starts at Leader Epoch 1 from offset 0. Previous Leader Epoch was: -1 (kafka.cluster.Partition)
[2018-03-22 15:12:14,295] INFO Replica loaded for partition __consumer_offsets-9 with initial high watermark 0 (kafka.cluster.Replica)
[2018-03-22 15:12:14,295] INFO [Partition __consumer_offsets-9 broker=0] __consumer_offsets-9 starts at Leader Epoch 1 from offset 0. Previous Leader Epoch was: -1 (kafka.cluster.Partition)
[2018-03-22 15:12:14,298] INFO Replica loaded for partition __consumer_offsets-47 with initial high watermark 0 (kafka.cluster.Replica)
[2018-03-22 15:12:14,298] INFO [Partition __consumer_offsets-47 broker=0] __consumer_offsets-47 starts at Leader Epoch 1 from offset 0. Previous Leader Epoch was: -1 (kafka.cluster.Partition)
[2018-03-22 15:12:14,300] INFO Replica loaded for partition __consumer_offsets-19 with initial high watermark 0 (kafka.cluster.Replica)
[2018-03-22 15:12:14,300] INFO [Partition __consumer_offsets-19 broker=0] __consumer_offsets-19 starts at Leader Epoch 1 from offset 0. Previous Leader Epoch was: -1 (kafka.cluster.Partition)
[2018-03-22 15:12:14,302] INFO Replica loaded for partition __consumer_offsets-28 with initial high watermark 0 (kafka.cluster.Replica)
[2018-03-22 15:12:14,303] INFO [Partition __consumer_offsets-28 broker=0] __consumer_offsets-28 starts at Leader Epoch 1 from offset 0. Previous Leader Epoch was: -1 (kafka.cluster.Partition)
[2018-03-22 15:12:14,305] INFO Replica loaded for partition __consumer_offsets-38 with initial high watermark 0 (kafka.cluster.Replica)
[2018-03-22 15:12:14,305] INFO [Partition __consumer_offsets-38 broker=0] __consumer_offsets-38 starts at Leader Epoch 1 from offset 0. Previous Leader Epoch was: -1 (kafka.cluster.Partition)
[2018-03-22 15:12:14,308] INFO Replica loaded for partition __consumer_offsets-35 with initial high watermark 0 (kafka.cluster.Replica)
[2018-03-22 15:12:14,308] INFO [Partition __consumer_offsets-35 broker=0] __consumer_offsets-35 starts at Leader Epoch 1 from offset 0. Previous Leader Epoch was: -1 (kafka.cluster.Partition)
[2018-03-22 15:12:14,310] INFO Replica loaded for partition __consumer_offsets-44 with initial high watermark 0 (kafka.cluster.Replica)
[2018-03-22 15:12:14,310] INFO [Partition __consumer_offsets-44 broker=0] __consumer_offsets-44 starts at Leader Epoch 1 from offset 0. Previous Leader Epoch was: -1 (kafka.cluster.Partition)
[2018-03-22 15:12:14,312] INFO Replica loaded for partition __consumer_offsets-6 with initial high watermark 0 (kafka.cluster.Replica)
[2018-03-22 15:12:14,312] INFO [Partition __consumer_offsets-6 broker=0] __consumer_offsets-6 starts at Leader Epoch 1 from offset 0. Previous Leader Epoch was: -1 (kafka.cluster.Partition)
[2018-03-22 15:12:14,314] INFO Replica loaded for partition data_change_events-0 with initial high watermark 21937 (kafka.cluster.Replica)
[2018-03-22 15:12:14,314] INFO [Partition data_change_events-0 broker=0] data_change_events-0 starts at Leader Epoch 3 from offset 21937. Previous Leader Epoch was: -1 (kafka.cluster.Partition)
[2018-03-22 15:12:14,316] INFO Replica loaded for partition __consumer_offsets-25 with initial high watermark 0 (kafka.cluster.Replica)
[2018-03-22 15:12:14,316] INFO [Partition __consumer_offsets-25 broker=0] __consumer_offsets-25 starts at Leader Epoch 1 from offset 0. Previous Leader Epoch was: -1 (kafka.cluster.Partition)
[2018-03-22 15:12:14,318] INFO Replica loaded for partition __consumer_offsets-16 with initial high watermark 0 (kafka.cluster.Replica)
[2018-03-22 15:12:14,318] INFO [Partition __consumer_offsets-16 broker=0] __consumer_offsets-16 starts at Leader Epoch 1 from offset 0. Previous Leader Epoch was: -1 (kafka.cluster.Partition)
[2018-03-22 15:12:14,320] INFO Replica loaded for partition __consumer_offsets-22 with initial high watermark 0 (kafka.cluster.Replica)
[2018-03-22 15:12:14,320] INFO [Partition __consumer_offsets-22 broker=0] __consumer_offsets-22 starts at Leader Epoch 1 from offset 0. Previous Leader Epoch was: -1 (kafka.cluster.Partition)
[2018-03-22 15:12:14,322] INFO Replica loaded for partition __consumer_offsets-41 with initial high watermark 0 (kafka.cluster.Replica)
[2018-03-22 15:12:14,322] INFO [Partition __consumer_offsets-41 broker=0] __consumer_offsets-41 starts at Leader Epoch 1 from offset 0. Previous Leader Epoch was: -1 (kafka.cluster.Partition)
[2018-03-22 15:12:14,324] INFO Replica loaded for partition __consumer_offsets-32 with initial high watermark 0 (kafka.cluster.Replica)
[2018-03-22 15:12:14,324] INFO [Partition __consumer_offsets-32 broker=0] __consumer_offsets-32 starts at Leader Epoch 1 from offset 0. Previous Leader Epoch was: -1 (kafka.cluster.Partition)
[2018-03-22 15:12:14,326] INFO Replica loaded for partition __consumer_offsets-3 with initial high watermark 0 (kafka.cluster.Replica)
[2018-03-22 15:12:14,326] INFO [Partition __consumer_offsets-3 broker=0] __consumer_offsets-3 starts at Leader Epoch 1 from offset 0. Previous Leader Epoch was: -1 (kafka.cluster.Partition)
[2018-03-22 15:12:14,328] INFO Replica loaded for partition __consumer_offsets-13 with initial high watermark 0 (kafka.cluster.Replica)
[2018-03-22 15:12:14,328] INFO [Partition __consumer_offsets-13 broker=0] __consumer_offsets-13 starts at Leader Epoch 1 from offset 0. Previous Leader Epoch was: -1 (kafka.cluster.Partition)
[2018-03-22 15:12:14,335] INFO [GroupMetadataManager brokerId=0] Scheduling loading of offsets and group metadata from __consumer_offsets-22 (kafka.coordinator.group.GroupMetadataManager)
[2018-03-22 15:12:14,336] INFO [GroupMetadataManager brokerId=0] Scheduling loading of offsets and group metadata from __consumer_offsets-25 (kafka.coordinator.group.GroupMetadataManager)
[2018-03-22 15:12:14,336] INFO [GroupMetadataManager brokerId=0] Scheduling loading of offsets and group metadata from __consumer_offsets-28 (kafka.coordinator.group.GroupMetadataManager)
[2018-03-22 15:12:14,336] INFO [GroupMetadataManager brokerId=0] Scheduling loading of offsets and group metadata from __consumer_offsets-31 (kafka.coordinator.group.GroupMetadataManager)
[2018-03-22 15:12:14,336] INFO [GroupMetadataManager brokerId=0] Scheduling loading of offsets and group metadata from __consumer_offsets-34 (kafka.coordinator.group.GroupMetadataManager)
[2018-03-22 15:12:14,336] INFO [GroupMetadataManager brokerId=0] Scheduling loading of offsets and group metadata from __consumer_offsets-37 (kafka.coordinator.group.GroupMetadataManager)
[2018-03-22 15:12:14,336] INFO [GroupMetadataManager brokerId=0] Scheduling loading of offsets and group metadata from __consumer_offsets-40 (kafka.coordinator.group.GroupMetadataManager)
[2018-03-22 15:12:14,336] INFO [GroupMetadataManager brokerId=0] Scheduling loading of offsets and group metadata from __consumer_offsets-43 (kafka.coordinator.group.GroupMetadataManager)
[2018-03-22 15:12:14,336] INFO [GroupMetadataManager brokerId=0] Scheduling loading of offsets and group metadata from __consumer_offsets-46 (kafka.coordinator.group.GroupMetadataManager)
[2018-03-22 15:12:14,336] INFO [GroupMetadataManager brokerId=0] Scheduling loading of offsets and group metadata from __consumer_offsets-49 (kafka.coordinator.group.GroupMetadataManager)
[2018-03-22 15:12:14,336] INFO [GroupMetadataManager brokerId=0] Scheduling loading of offsets and group metadata from __consumer_offsets-41 (kafka.coordinator.group.GroupMetadataManager)
[2018-03-22 15:12:14,337] INFO [GroupMetadataManager brokerId=0] Scheduling loading of offsets and group metadata from __consumer_offsets-44 (kafka.coordinator.group.GroupMetadataManager)
[2018-03-22 15:12:14,337] INFO [GroupMetadataManager brokerId=0] Scheduling loading of offsets and group metadata from __consumer_offsets-47 (kafka.coordinator.group.GroupMetadataManager)
[2018-03-22 15:12:14,337] INFO [GroupMetadataManager brokerId=0] Scheduling loading of offsets and group metadata from __consumer_offsets-1 (kafka.coordinator.group.GroupMetadataManager)
[2018-03-22 15:12:14,337] INFO [GroupMetadataManager brokerId=0] Scheduling loading of offsets and group metadata from __consumer_offsets-4 (kafka.coordinator.group.GroupMetadataManager)
[2018-03-22 15:12:14,337] INFO [GroupMetadataManager brokerId=0] Scheduling loading of offsets and group metadata from __consumer_offsets-7 (kafka.coordinator.group.GroupMetadataManager)
[2018-03-22 15:12:14,337] INFO [GroupMetadataManager brokerId=0] Scheduling loading of offsets and group metadata from __consumer_offsets-10 (kafka.coordinator.group.GroupMetadataManager)
[2018-03-22 15:12:14,337] INFO [GroupMetadataManager brokerId=0] Scheduling loading of offsets and group metadata from __consumer_offsets-13 (kafka.coordinator.group.GroupMetadataManager)
[2018-03-22 15:12:14,337] INFO [GroupMetadataManager brokerId=0] Scheduling loading of offsets and group metadata from __consumer_offsets-16 (kafka.coordinator.group.GroupMetadataManager)
[2018-03-22 15:12:14,337] INFO [GroupMetadataManager brokerId=0] Scheduling loading of offsets and group metadata from __consumer_offsets-19 (kafka.coordinator.group.GroupMetadataManager)
[2018-03-22 15:12:14,337] INFO [GroupMetadataManager brokerId=0] Scheduling loading of offsets and group metadata from __consumer_offsets-2 (kafka.coordinator.group.GroupMetadataManager)
[2018-03-22 15:12:14,337] INFO [GroupMetadataManager brokerId=0] Scheduling loading of offsets and group metadata from __consumer_offsets-5 (kafka.coordinator.group.GroupMetadataManager)
[2018-03-22 15:12:14,337] INFO [GroupMetadataManager brokerId=0] Scheduling loading of offsets and group metadata from __consumer_offsets-8 (kafka.coordinator.group.GroupMetadataManager)
[2018-03-22 15:12:14,338] INFO [GroupMetadataManager brokerId=0] Scheduling loading of offsets and group metadata from __consumer_offsets-11 (kafka.coordinator.group.GroupMetadataManager)
[2018-03-22 15:12:14,338] INFO [GroupMetadataManager brokerId=0] Scheduling loading of offsets and group metadata from __consumer_offsets-14 (kafka.coordinator.group.GroupMetadataManager)
[2018-03-22 15:12:14,338] INFO [GroupMetadataManager brokerId=0] Scheduling loading of offsets and group metadata from __consumer_offsets-17 (kafka.coordinator.group.GroupMetadataManager)
[2018-03-22 15:12:14,338] INFO [GroupMetadataManager brokerId=0] Scheduling loading of offsets and group metadata from __consumer_offsets-20 (kafka.coordinator.group.GroupMetadataManager)
[2018-03-22 15:12:14,338] INFO [GroupMetadataManager brokerId=0] Scheduling loading of offsets and group metadata from __consumer_offsets-23 (kafka.coordinator.group.GroupMetadataManager)
[2018-03-22 15:12:14,338] INFO [GroupMetadataManager brokerId=0] Scheduling loading of offsets and group metadata from __consumer_offsets-26 (kafka.coordinator.group.GroupMetadataManager)
[2018-03-22 15:12:14,338] INFO [GroupMetadataManager brokerId=0] Scheduling loading of offsets and group metadata from __consumer_offsets-29 (kafka.coordinator.group.GroupMetadataManager)
[2018-03-22 15:12:14,338] INFO [GroupMetadataManager brokerId=0] Scheduling loading of offsets and group metadata from __consumer_offsets-32 (kafka.coordinator.group.GroupMetadataManager)
[2018-03-22 15:12:14,338] INFO [GroupMetadataManager brokerId=0] Scheduling loading of offsets and group metadata from __consumer_offsets-35 (kafka.coordinator.group.GroupMetadataManager)
[2018-03-22 15:12:14,338] INFO [GroupMetadataManager brokerId=0] Scheduling loading of offsets and group metadata from __consumer_offsets-38 (kafka.coordinator.group.GroupMetadataManager)
[2018-03-22 15:12:14,338] INFO [GroupMetadataManager brokerId=0] Scheduling loading of offsets and group metadata from __consumer_offsets-0 (kafka.coordinator.group.GroupMetadataManager)
[2018-03-22 15:12:14,338] INFO [GroupMetadataManager brokerId=0] Scheduling loading of offsets and group metadata from __consumer_offsets-3 (kafka.coordinator.group.GroupMetadataManager)
[2018-03-22 15:12:14,338] INFO [GroupMetadataManager brokerId=0] Scheduling loading of offsets and group metadata from __consumer_offsets-6 (kafka.coordinator.group.GroupMetadataManager)
[2018-03-22 15:12:14,338] INFO [GroupMetadataManager brokerId=0] Scheduling loading of offsets and group metadata from __consumer_offsets-9 (kafka.coordinator.group.GroupMetadataManager)
[2018-03-22 15:12:14,338] INFO [GroupMetadataManager brokerId=0] Scheduling loading of offsets and group metadata from __consumer_offsets-12 (kafka.coordinator.group.GroupMetadataManager)
[2018-03-22 15:12:14,339] INFO [GroupMetadataManager brokerId=0] Scheduling loading of offsets and group metadata from __consumer_offsets-15 (kafka.coordinator.group.GroupMetadataManager)
[2018-03-22 15:12:14,339] INFO [GroupMetadataManager brokerId=0] Scheduling loading of offsets and group metadata from __consumer_offsets-18 (kafka.coordinator.group.GroupMetadataManager)
[2018-03-22 15:12:14,339] INFO [GroupMetadataManager brokerId=0] Scheduling loading of offsets and group metadata from __consumer_offsets-21 (kafka.coordinator.group.GroupMetadataManager)
[2018-03-22 15:12:14,339] INFO [GroupMetadataManager brokerId=0] Scheduling loading of offsets and group metadata from __consumer_offsets-24 (kafka.coordinator.group.GroupMetadataManager)
[2018-03-22 15:12:14,339] INFO [GroupMetadataManager brokerId=0] Scheduling loading of offsets and group metadata from __consumer_offsets-27 (kafka.coordinator.group.GroupMetadataManager)
[2018-03-22 15:12:14,339] INFO [GroupMetadataManager brokerId=0] Scheduling loading of offsets and group metadata from __consumer_offsets-30 (kafka.coordinator.group.GroupMetadataManager)
[2018-03-22 15:12:14,339] INFO [GroupMetadataManager brokerId=0] Scheduling loading of offsets and group metadata from __consumer_offsets-33 (kafka.coordinator.group.GroupMetadataManager)
[2018-03-22 15:12:14,339] INFO [GroupMetadataManager brokerId=0] Scheduling loading of offsets and group metadata from __consumer_offsets-36 (kafka.coordinator.group.GroupMetadataManager)
[2018-03-22 15:12:14,339] INFO [GroupMetadataManager brokerId=0] Scheduling loading of offsets and group metadata from __consumer_offsets-39 (kafka.coordinator.group.GroupMetadataManager)
[2018-03-22 15:12:14,340] INFO [GroupMetadataManager brokerId=0] Scheduling loading of offsets and group metadata from __consumer_offsets-42 (kafka.coordinator.group.GroupMetadataManager)
[2018-03-22 15:12:14,340] INFO [GroupMetadataManager brokerId=0] Scheduling loading of offsets and group metadata from __consumer_offsets-45 (kafka.coordinator.group.GroupMetadataManager)
[2018-03-22 15:12:14,340] INFO [GroupMetadataManager brokerId=0] Scheduling loading of offsets and group metadata from __consumer_offsets-48 (kafka.coordinator.group.GroupMetadataManager)
[2018-03-22 15:12:14,346] INFO [GroupMetadataManager brokerId=0] Finished loading offsets and group metadata from __consumer_offsets-22 in 9 milliseconds. (kafka.coordinator.group.GroupMetadataManager)
[2018-03-22 15:12:14,348] INFO [GroupMetadataManager brokerId=0] Finished loading offsets and group metadata from __consumer_offsets-25 in 1 milliseconds. (kafka.coordinator.group.GroupMetadataManager)
[2018-03-22 15:12:14,348] INFO [GroupMetadataManager brokerId=0] Finished loading offsets and group metadata from __consumer_offsets-28 in 0 milliseconds. (kafka.coordinator.group.GroupMetadataManager)
[2018-03-22 15:12:14,348] INFO [GroupMetadataManager brokerId=0] Finished loading offsets and group metadata from __consumer_offsets-31 in 0 milliseconds. (kafka.coordinator.group.GroupMetadataManager)
[2018-03-22 15:12:14,348] INFO [GroupMetadataManager brokerId=0] Finished loading offsets and group metadata from __consumer_offsets-34 in 0 milliseconds. (kafka.coordinator.group.GroupMetadataManager)
[2018-03-22 15:12:14,348] INFO [GroupMetadataManager brokerId=0] Finished loading offsets and group metadata from __consumer_offsets-37 in 0 milliseconds. (kafka.coordinator.group.GroupMetadataManager)
[2018-03-22 15:12:14,348] INFO [GroupMetadataManager brokerId=0] Finished loading offsets and group metadata from __consumer_offsets-40 in 0 milliseconds. (kafka.coordinator.group.GroupMetadataManager)
[2018-03-22 15:12:14,349] INFO [GroupMetadataManager brokerId=0] Finished loading offsets and group metadata from __consumer_offsets-43 in 0 milliseconds. (kafka.coordinator.group.GroupMetadataManager)
[2018-03-22 15:12:14,349] INFO [GroupMetadataManager brokerId=0] Finished loading offsets and group metadata from __consumer_offsets-46 in 0 milliseconds. (kafka.coordinator.group.GroupMetadataManager)
[2018-03-22 15:12:14,349] INFO [GroupMetadataManager brokerId=0] Finished loading offsets and group metadata from __consumer_offsets-49 in 0 milliseconds. (kafka.coordinator.group.GroupMetadataManager)
[2018-03-22 15:12:14,349] INFO [GroupMetadataManager brokerId=0] Finished loading offsets and group metadata from __consumer_offsets-41 in 0 milliseconds. (kafka.coordinator.group.GroupMetadataManager)
[2018-03-22 15:12:14,349] INFO [GroupMetadataManager brokerId=0] Finished loading offsets and group metadata from __consumer_offsets-44 in 0 milliseconds. (kafka.coordinator.group.GroupMetadataManager)
[2018-03-22 15:12:14,350] INFO [GroupMetadataManager brokerId=0] Finished loading offsets and group metadata from __consumer_offsets-47 in 1 milliseconds. (kafka.coordinator.group.GroupMetadataManager)
[2018-03-22 15:12:14,350] INFO [GroupMetadataManager brokerId=0] Finished loading offsets and group metadata from __consumer_offsets-1 in 0 milliseconds. (kafka.coordinator.group.GroupMetadataManager)
[2018-03-22 15:12:14,350] INFO [GroupMetadataManager brokerId=0] Finished loading offsets and group metadata from __consumer_offsets-4 in 0 milliseconds. (kafka.coordinator.group.GroupMetadataManager)
[2018-03-22 15:12:14,350] INFO [GroupMetadataManager brokerId=0] Finished loading offsets and group metadata from __consumer_offsets-7 in 0 milliseconds. (kafka.coordinator.group.GroupMetadataManager)
[2018-03-22 15:12:14,350] INFO [GroupMetadataManager brokerId=0] Finished loading offsets and group metadata from __consumer_offsets-10 in 0 milliseconds. (kafka.coordinator.group.GroupMetadataManager)
[2018-03-22 15:12:14,350] INFO [GroupMetadataManager brokerId=0] Finished loading offsets and group metadata from __consumer_offsets-13 in 0 milliseconds. (kafka.coordinator.group.GroupMetadataManager)
[2018-03-22 15:12:14,351] INFO [GroupMetadataManager brokerId=0] Finished loading offsets and group metadata from __consumer_offsets-16 in 0 milliseconds. (kafka.coordinator.group.GroupMetadataManager)
[2018-03-22 15:12:14,351] INFO [GroupMetadataManager brokerId=0] Finished loading offsets and group metadata from __consumer_offsets-19 in 0 milliseconds. (kafka.coordinator.group.GroupMetadataManager)
[2018-03-22 15:12:14,351] INFO [GroupMetadataManager brokerId=0] Finished loading offsets and group metadata from __consumer_offsets-2 in 0 milliseconds. (kafka.coordinator.group.GroupMetadataManager)
[2018-03-22 15:12:14,351] INFO [GroupMetadataManager brokerId=0] Finished loading offsets and group metadata from __consumer_offsets-5 in 0 milliseconds. (kafka.coordinator.group.GroupMetadataManager)
[2018-03-22 15:12:14,351] INFO [GroupMetadataManager brokerId=0] Finished loading offsets and group metadata from __consumer_offsets-8 in 0 milliseconds. (kafka.coordinator.group.GroupMetadataManager)
[2018-03-22 15:12:14,352] INFO [GroupMetadataManager brokerId=0] Finished loading offsets and group metadata from __consumer_offsets-11 in 0 milliseconds. (kafka.coordinator.group.GroupMetadataManager)
[2018-03-22 15:12:14,352] INFO [GroupMetadataManager brokerId=0] Finished loading offsets and group metadata from __consumer_offsets-14 in 0 milliseconds. (kafka.coordinator.group.GroupMetadataManager)
[2018-03-22 15:12:14,352] INFO [GroupMetadataManager brokerId=0] Finished loading offsets and group metadata from __consumer_offsets-17 in 0 milliseconds. (kafka.coordinator.group.GroupMetadataManager)
[2018-03-22 15:12:14,352] INFO [GroupMetadataManager brokerId=0] Finished loading offsets and group metadata from __consumer_offsets-20 in 0 milliseconds. (kafka.coordinator.group.GroupMetadataManager)
[2018-03-22 15:12:14,352] INFO [GroupMetadataManager brokerId=0] Finished loading offsets and group metadata from __consumer_offsets-23 in 0 milliseconds. (kafka.coordinator.group.GroupMetadataManager)
[2018-03-22 15:12:14,353] INFO [GroupMetadataManager brokerId=0] Finished loading offsets and group metadata from __consumer_offsets-26 in 0 milliseconds. (kafka.coordinator.group.GroupMetadataManager)
[2018-03-22 15:12:14,353] INFO [GroupMetadataManager brokerId=0] Finished loading offsets and group metadata from __consumer_offsets-29 in 0 milliseconds. (kafka.coordinator.group.GroupMetadataManager)
[2018-03-22 15:12:14,353] INFO [GroupMetadataManager brokerId=0] Finished loading offsets and group metadata from __consumer_offsets-32 in 0 milliseconds. (kafka.coordinator.group.GroupMetadataManager)
[2018-03-22 15:12:14,353] INFO [GroupMetadataManager brokerId=0] Finished loading offsets and group metadata from __consumer_offsets-35 in 0 milliseconds. (kafka.coordinator.group.GroupMetadataManager)
[2018-03-22 15:12:14,353] INFO [GroupMetadataManager brokerId=0] Finished loading offsets and group metadata from __consumer_offsets-38 in 0 milliseconds. (kafka.coordinator.group.GroupMetadataManager)
[2018-03-22 15:12:14,354] INFO [GroupMetadataManager brokerId=0] Finished loading offsets and group metadata from __consumer_offsets-0 in 0 milliseconds. (kafka.coordinator.group.GroupMetadataManager)
[2018-03-22 15:12:14,354] INFO [GroupMetadataManager brokerId=0] Finished loading offsets and group metadata from __consumer_offsets-3 in 0 milliseconds. (kafka.coordinator.group.GroupMetadataManager)
[2018-03-22 15:12:14,354] INFO [GroupMetadataManager brokerId=0] Finished loading offsets and group metadata from __consumer_offsets-6 in 0 milliseconds. (kafka.coordinator.group.GroupMetadataManager)
[2018-03-22 15:12:14,354] INFO [GroupMetadataManager brokerId=0] Finished loading offsets and group metadata from __consumer_offsets-9 in 0 milliseconds. (kafka.coordinator.group.GroupMetadataManager)
[2018-03-22 15:12:14,354] INFO [GroupMetadataManager brokerId=0] Finished loading offsets and group metadata from __consumer_offsets-12 in 0 milliseconds. (kafka.coordinator.group.GroupMetadataManager)
[2018-03-22 15:12:14,354] INFO [GroupMetadataManager brokerId=0] Finished loading offsets and group metadata from __consumer_offsets-15 in 0 milliseconds. (kafka.coordinator.group.GroupMetadataManager)
[2018-03-22 15:12:14,355] INFO [GroupMetadataManager brokerId=0] Finished loading offsets and group metadata from __consumer_offsets-18 in 0 milliseconds. (kafka.coordinator.group.GroupMetadataManager)
[2018-03-22 15:12:14,355] INFO [GroupMetadataManager brokerId=0] Finished loading offsets and group metadata from __consumer_offsets-21 in 0 milliseconds. (kafka.coordinator.group.GroupMetadataManager)
[2018-03-22 15:12:14,355] INFO [GroupMetadataManager brokerId=0] Finished loading offsets and group metadata from __consumer_offsets-24 in 0 milliseconds. (kafka.coordinator.group.GroupMetadataManager)
[2018-03-22 15:12:14,355] INFO [GroupMetadataManager brokerId=0] Finished loading offsets and group metadata from __consumer_offsets-27 in 0 milliseconds. (kafka.coordinator.group.GroupMetadataManager)
[2018-03-22 15:12:14,355] INFO [GroupMetadataManager brokerId=0] Finished loading offsets and group metadata from __consumer_offsets-30 in 0 milliseconds. (kafka.coordinator.group.GroupMetadataManager)
[2018-03-22 15:12:14,355] INFO [GroupMetadataManager brokerId=0] Finished loading offsets and group metadata from __consumer_offsets-33 in 0 milliseconds. (kafka.coordinator.group.GroupMetadataManager)
[2018-03-22 15:12:14,355] INFO [GroupMetadataManager brokerId=0] Finished loading offsets and group metadata from __consumer_offsets-36 in 0 milliseconds. (kafka.coordinator.group.GroupMetadataManager)
[2018-03-22 15:12:14,356] INFO [GroupMetadataManager brokerId=0] Finished loading offsets and group metadata from __consumer_offsets-39 in 0 milliseconds. (kafka.coordinator.group.GroupMetadataManager)
[2018-03-22 15:12:14,356] INFO [GroupMetadataManager brokerId=0] Finished loading offsets and group metadata from __consumer_offsets-42 in 0 milliseconds. (kafka.coordinator.group.GroupMetadataManager)
[2018-03-22 15:12:14,356] INFO [GroupMetadataManager brokerId=0] Finished loading offsets and group metadata from __consumer_offsets-45 in 0 milliseconds. (kafka.coordinator.group.GroupMetadataManager)
[2018-03-22 15:12:14,358] INFO [ReplicaFetcherManager on broker 0] Removed fetcher for partitions __consumer_offsets-22,__consumer_offsets-30,__consumer_offsets-8,__consumer_offsets-21,__consumer_offsets-4,__consumer_offsets-27,__consumer_offsets-7,__consumer_offsets-9,__consumer_offsets-46,__consumer_offsets-25,__consumer_offsets-35,__consumer_offsets-41,__consumer_offsets-33,__consumer_offsets-23,__consumer_offsets-49,__consumer_offsets-47,__consumer_offsets-16,__consumer_offsets-28,__consumer_offsets-31,__consumer_offsets-36,__consumer_offsets-42,__consumer_offsets-3,__consumer_offsets-18,__consumer_offsets-37,__consumer_offsets-15,__consumer_offsets-24,__consumer_offsets-38,__consumer_offsets-17,__consumer_offsets-48,data_change_events-0,__consumer_offsets-19,__consumer_offsets-11,__consumer_offsets-13,__consumer_offsets-2,__consumer_offsets-43,__consumer_offsets-6,__consumer_offsets-14,__consumer_offsets-20,__consumer_offsets-0,__consumer_offsets-44,__consumer_offsets-39,__consumer_offsets-12,__consumer_offsets-45,__consumer_offsets-1,__consumer_offsets-5,__consumer_offsets-26,__consumer_offsets-29,__consumer_offsets-34,__consumer_offsets-10,__consumer_offsets-32,__consumer_offsets-40 (kafka.server.ReplicaFetcherManager)
[2018-03-22 15:12:14,360] INFO [Partition __consumer_offsets-0 broker=0] __consumer_offsets-0 starts at Leader Epoch 2 from offset 0. Previous Leader Epoch was: 1 (kafka.cluster.Partition)
[2018-03-22 15:12:14,363] INFO [Partition __consumer_offsets-29 broker=0] __consumer_offsets-29 starts at Leader Epoch 2 from offset 0. Previous Leader Epoch was: 1 (kafka.cluster.Partition)
[2018-03-22 15:12:14,364] INFO [Partition __consumer_offsets-48 broker=0] __consumer_offsets-48 starts at Leader Epoch 2 from offset 2410. Previous Leader Epoch was: 1 (kafka.cluster.Partition)
[2018-03-22 15:12:14,364] INFO [Partition __consumer_offsets-10 broker=0] __consumer_offsets-10 starts at Leader Epoch 2 from offset 0. Previous Leader Epoch was: 1 (kafka.cluster.Partition)
[2018-03-22 15:12:14,364] INFO [Partition __consumer_offsets-45 broker=0] __consumer_offsets-45 starts at Leader Epoch 2 from offset 0. Previous Leader Epoch was: 1 (kafka.cluster.Partition)
[2018-03-22 15:12:14,364] INFO [Partition __consumer_offsets-26 broker=0] __consumer_offsets-26 starts at Leader Epoch 2 from offset 0. Previous Leader Epoch was: 1 (kafka.cluster.Partition)
[2018-03-22 15:12:14,364] INFO [Partition __consumer_offsets-7 broker=0] __consumer_offsets-7 starts at Leader Epoch 2 from offset 0. Previous Leader Epoch was: 1 (kafka.cluster.Partition)
[2018-03-22 15:12:14,364] INFO [Partition __consumer_offsets-42 broker=0] __consumer_offsets-42 starts at Leader Epoch 2 from offset 0. Previous Leader Epoch was: 1 (kafka.cluster.Partition)
[2018-03-22 15:12:14,365] INFO [Partition __consumer_offsets-4 broker=0] __consumer_offsets-4 starts at Leader Epoch 2 from offset 0. Previous Leader Epoch was: 1 (kafka.cluster.Partition)
[2018-03-22 15:12:14,365] INFO [Partition __consumer_offsets-23 broker=0] __consumer_offsets-23 starts at Leader Epoch 2 from offset 0. Previous Leader Epoch was: 1 (kafka.cluster.Partition)
[2018-03-22 15:12:14,365] INFO [Partition __consumer_offsets-1 broker=0] __consumer_offsets-1 starts at Leader Epoch 2 from offset 0. Previous Leader Epoch was: 1 (kafka.cluster.Partition)
[2018-03-22 15:12:14,365] INFO [Partition __consumer_offsets-20 broker=0] __consumer_offsets-20 starts at Leader Epoch 2 from offset 0. Previous Leader Epoch was: 1 (kafka.cluster.Partition)
[2018-03-22 15:12:14,365] INFO [Partition __consumer_offsets-39 broker=0] __consumer_offsets-39 starts at Leader Epoch 2 from offset 0. Previous Leader Epoch was: 1 (kafka.cluster.Partition)
[2018-03-22 15:12:14,365] INFO [Partition __consumer_offsets-17 broker=0] __consumer_offsets-17 starts at Leader Epoch 2 from offset 0. Previous Leader Epoch was: 1 (kafka.cluster.Partition)
[2018-03-22 15:12:14,366] INFO [Partition __consumer_offsets-36 broker=0] __consumer_offsets-36 starts at Leader Epoch 2 from offset 0. Previous Leader Epoch was: 1 (kafka.cluster.Partition)
[2018-03-22 15:12:14,366] INFO [Partition __consumer_offsets-14 broker=0] __consumer_offsets-14 starts at Leader Epoch 2 from offset 0. Previous Leader Epoch was: 1 (kafka.cluster.Partition)
[2018-03-22 15:12:14,366] INFO [Partition __consumer_offsets-33 broker=0] __consumer_offsets-33 starts at Leader Epoch 2 from offset 0. Previous Leader Epoch was: 1 (kafka.cluster.Partition)
[2018-03-22 15:12:14,366] INFO [Partition __consumer_offsets-49 broker=0] __consumer_offsets-49 starts at Leader Epoch 2 from offset 0. Previous Leader Epoch was: 1 (kafka.cluster.Partition)
[2018-03-22 15:12:14,366] INFO [Partition __consumer_offsets-11 broker=0] __consumer_offsets-11 starts at Leader Epoch 2 from offset 0. Previous Leader Epoch was: 1 (kafka.cluster.Partition)
[2018-03-22 15:12:14,367] INFO [Partition __consumer_offsets-30 broker=0] __consumer_offsets-30 starts at Leader Epoch 2 from offset 0. Previous Leader Epoch was: 1 (kafka.cluster.Partition)
[2018-03-22 15:12:14,367] INFO [Partition __consumer_offsets-46 broker=0] __consumer_offsets-46 starts at Leader Epoch 2 from offset 0. Previous Leader Epoch was: 1 (kafka.cluster.Partition)
[2018-03-22 15:12:14,367] INFO [Partition __consumer_offsets-27 broker=0] __consumer_offsets-27 starts at Leader Epoch 2 from offset 0. Previous Leader Epoch was: 1 (kafka.cluster.Partition)
[2018-03-22 15:12:14,367] INFO [Partition __consumer_offsets-8 broker=0] __consumer_offsets-8 starts at Leader Epoch 2 from offset 0. Previous Leader Epoch was: 1 (kafka.cluster.Partition)
[2018-03-22 15:12:14,367] INFO [Partition __consumer_offsets-24 broker=0] __consumer_offsets-24 starts at Leader Epoch 2 from offset 0. Previous Leader Epoch was: 1 (kafka.cluster.Partition)
[2018-03-22 15:12:14,367] INFO [Partition __consumer_offsets-43 broker=0] __consumer_offsets-43 starts at Leader Epoch 2 from offset 0. Previous Leader Epoch was: 1 (kafka.cluster.Partition)
[2018-03-22 15:12:14,368] INFO [Partition __consumer_offsets-5 broker=0] __consumer_offsets-5 starts at Leader Epoch 2 from offset 0. Previous Leader Epoch was: 1 (kafka.cluster.Partition)
[2018-03-22 15:12:14,368] INFO [Partition __consumer_offsets-21 broker=0] __consumer_offsets-21 starts at Leader Epoch 2 from offset 0. Previous Leader Epoch was: 1 (kafka.cluster.Partition)
[2018-03-22 15:12:14,368] INFO [Partition __consumer_offsets-2 broker=0] __consumer_offsets-2 starts at Leader Epoch 2 from offset 0. Previous Leader Epoch was: 1 (kafka.cluster.Partition)
[2018-03-22 15:12:14,368] INFO [Partition __consumer_offsets-40 broker=0] __consumer_offsets-40 starts at Leader Epoch 2 from offset 0. Previous Leader Epoch was: 1 (kafka.cluster.Partition)
[2018-03-22 15:12:14,368] INFO [Partition __consumer_offsets-37 broker=0] __consumer_offsets-37 starts at Leader Epoch 2 from offset 0. Previous Leader Epoch was: 1 (kafka.cluster.Partition)
[2018-03-22 15:12:14,368] INFO [Partition __consumer_offsets-18 broker=0] __consumer_offsets-18 starts at Leader Epoch 2 from offset 0. Previous Leader Epoch was: 1 (kafka.cluster.Partition)
[2018-03-22 15:12:14,369] INFO [Partition __consumer_offsets-34 broker=0] __consumer_offsets-34 starts at Leader Epoch 2 from offset 0. Previous Leader Epoch was: 1 (kafka.cluster.Partition)
[2018-03-22 15:12:14,369] INFO [Partition __consumer_offsets-15 broker=0] __consumer_offsets-15 starts at Leader Epoch 2 from offset 0. Previous Leader Epoch was: 1 (kafka.cluster.Partition)
[2018-03-22 15:12:14,369] INFO [Partition __consumer_offsets-12 broker=0] __consumer_offsets-12 starts at Leader Epoch 2 from offset 0. Previous Leader Epoch was: 1 (kafka.cluster.Partition)
[2018-03-22 15:12:14,369] INFO [Partition __consumer_offsets-31 broker=0] __consumer_offsets-31 starts at Leader Epoch 2 from offset 0. Previous Leader Epoch was: 1 (kafka.cluster.Partition)
[2018-03-22 15:12:14,369] INFO [Partition __consumer_offsets-9 broker=0] __consumer_offsets-9 starts at Leader Epoch 2 from offset 0. Previous Leader Epoch was: 1 (kafka.cluster.Partition)
[2018-03-22 15:12:14,369] INFO [Partition __consumer_offsets-47 broker=0] __consumer_offsets-47 starts at Leader Epoch 2 from offset 0. Previous Leader Epoch was: 1 (kafka.cluster.Partition)
[2018-03-22 15:12:14,369] INFO [Partition __consumer_offsets-19 broker=0] __consumer_offsets-19 starts at Leader Epoch 2 from offset 0. Previous Leader Epoch was: 1 (kafka.cluster.Partition)
[2018-03-22 15:12:14,369] INFO [Partition __consumer_offsets-28 broker=0] __consumer_offsets-28 starts at Leader Epoch 2 from offset 0. Previous Leader Epoch was: 1 (kafka.cluster.Partition)
[2018-03-22 15:12:14,370] INFO [Partition __consumer_offsets-38 broker=0] __consumer_offsets-38 starts at Leader Epoch 2 from offset 0. Previous Leader Epoch was: 1 (kafka.cluster.Partition)
[2018-03-22 15:12:14,370] INFO [Partition __consumer_offsets-35 broker=0] __consumer_offsets-35 starts at Leader Epoch 2 from offset 0. Previous Leader Epoch was: 1 (kafka.cluster.Partition)
[2018-03-22 15:12:14,370] INFO [Partition __consumer_offsets-44 broker=0] __consumer_offsets-44 starts at Leader Epoch 2 from offset 0. Previous Leader Epoch was: 1 (kafka.cluster.Partition)
[2018-03-22 15:12:14,370] INFO [Partition __consumer_offsets-6 broker=0] __consumer_offsets-6 starts at Leader Epoch 2 from offset 0. Previous Leader Epoch was: 1 (kafka.cluster.Partition)
[2018-03-22 15:12:14,370] INFO [Partition data_change_events-0 broker=0] data_change_events-0 starts at Leader Epoch 4 from offset 21937. Previous Leader Epoch was: 3 (kafka.cluster.Partition)
[2018-03-22 15:12:14,370] INFO [Partition __consumer_offsets-25 broker=0] __consumer_offsets-25 starts at Leader Epoch 2 from offset 0. Previous Leader Epoch was: 1 (kafka.cluster.Partition)
[2018-03-22 15:12:14,370] INFO [Partition __consumer_offsets-16 broker=0] __consumer_offsets-16 starts at Leader Epoch 2 from offset 0. Previous Leader Epoch was: 1 (kafka.cluster.Partition)
[2018-03-22 15:12:14,371] INFO [Partition __consumer_offsets-22 broker=0] __consumer_offsets-22 starts at Leader Epoch 2 from offset 0. Previous Leader Epoch was: 1 (kafka.cluster.Partition)
[2018-03-22 15:12:14,371] INFO [Partition __consumer_offsets-41 broker=0] __consumer_offsets-41 starts at Leader Epoch 2 from offset 0. Previous Leader Epoch was: 1 (kafka.cluster.Partition)
[2018-03-22 15:12:14,371] INFO [Partition __consumer_offsets-32 broker=0] __consumer_offsets-32 starts at Leader Epoch 2 from offset 0. Previous Leader Epoch was: 1 (kafka.cluster.Partition)
[2018-03-22 15:12:14,371] INFO [Partition __consumer_offsets-3 broker=0] __consumer_offsets-3 starts at Leader Epoch 2 from offset 0. Previous Leader Epoch was: 1 (kafka.cluster.Partition)
[2018-03-22 15:12:14,371] INFO [Partition __consumer_offsets-13 broker=0] __consumer_offsets-13 starts at Leader Epoch 2 from offset 0. Previous Leader Epoch was: 1 (kafka.cluster.Partition)
[2018-03-22 15:12:14,435] INFO [GroupCoordinator 0]: Loading group metadata for 0 with generation 11 (kafka.coordinator.group.GroupCoordinator)
[2018-03-22 15:12:14,442] INFO [GroupMetadataManager brokerId=0] Finished loading offsets and group metadata from __consumer_offsets-48 in 86 milliseconds. (kafka.coordinator.group.GroupMetadataManager)
[2018-03-22 15:12:14,854] INFO Updated PartitionLeaderEpoch. New: {epoch:2, offset:2410}, Current: {epoch:1, offset2409} for Partition: __consumer_offsets-48. Cache now contains 2 entries. (kafka.server.epoch.LeaderEpochFileCache)
[2018-03-22 15:12:28,995] INFO Terminating process due to signal SIGINT (kafka.Kafka$)
[2018-03-22 15:12:28,996] INFO [KafkaServer id=0] shutting down (kafka.server.KafkaServer)
[2018-03-22 15:12:28,997] INFO [KafkaServer id=0] Starting controlled shutdown (kafka.server.KafkaServer)
[2018-03-22 15:12:29,016] INFO [KafkaServer id=0] Controlled shutdown succeeded (kafka.server.KafkaServer)
[2018-03-22 15:12:29,022] INFO [SocketServer brokerId=0] Stopping socket server request processors (kafka.network.SocketServer)
[2018-03-22 15:12:29,029] INFO [SocketServer brokerId=0] Stopped socket server request processors (kafka.network.SocketServer)
[2018-03-22 15:12:29,029] INFO [Kafka Request Handler on Broker 0], shutting down (kafka.server.KafkaRequestHandlerPool)
[2018-03-22 15:12:29,032] INFO [Kafka Request Handler on Broker 0], shut down completely (kafka.server.KafkaRequestHandlerPool)
[2018-03-22 15:12:29,034] INFO [KafkaApi-0] Shutdown complete. (kafka.server.KafkaApis)
[2018-03-22 15:12:29,035] INFO [ExpirationReaper-0-topic]: Shutting down (kafka.server.DelayedOperationPurgatory$ExpiredOperationReaper)
[2018-03-22 15:12:29,190] INFO [ExpirationReaper-0-topic]: Shutdown completed (kafka.server.DelayedOperationPurgatory$ExpiredOperationReaper)
[2018-03-22 15:12:29,190] INFO [ExpirationReaper-0-topic]: Stopped (kafka.server.DelayedOperationPurgatory$ExpiredOperationReaper)
[2018-03-22 15:12:29,192] INFO [TransactionCoordinator id=0] Shutting down. (kafka.coordinator.transaction.TransactionCoordinator)
[2018-03-22 15:12:29,195] INFO [ProducerId Manager 0]: Shutdown complete: last producerId assigned 6000 (kafka.coordinator.transaction.ProducerIdManager)
[2018-03-22 15:12:29,196] INFO [Transaction State Manager 0]: Shutdown complete (kafka.coordinator.transaction.TransactionStateManager)
[2018-03-22 15:12:29,196] INFO [Transaction Marker Channel Manager 0]: Shutting down (kafka.coordinator.transaction.TransactionMarkerChannelManager)
[2018-03-22 15:12:29,196] INFO [Transaction Marker Channel Manager 0]: Stopped (kafka.coordinator.transaction.TransactionMarkerChannelManager)
[2018-03-22 15:12:29,196] INFO [Transaction Marker Channel Manager 0]: Shutdown completed (kafka.coordinator.transaction.TransactionMarkerChannelManager)
[2018-03-22 15:12:29,197] INFO [TransactionCoordinator id=0] Shutdown complete. (kafka.coordinator.transaction.TransactionCoordinator)
[2018-03-22 15:12:29,197] INFO [GroupCoordinator 0]: Shutting down. (kafka.coordinator.group.GroupCoordinator)
[2018-03-22 15:12:29,198] INFO [ExpirationReaper-0-Heartbeat]: Shutting down (kafka.server.DelayedOperationPurgatory$ExpiredOperationReaper)
[2018-03-22 15:12:29,362] INFO [ExpirationReaper-0-Heartbeat]: Stopped (kafka.server.DelayedOperationPurgatory$ExpiredOperationReaper)
[2018-03-22 15:12:29,362] INFO [ExpirationReaper-0-Heartbeat]: Shutdown completed (kafka.server.DelayedOperationPurgatory$ExpiredOperationReaper)
[2018-03-22 15:12:29,362] INFO [ExpirationReaper-0-Rebalance]: Shutting down (kafka.server.DelayedOperationPurgatory$ExpiredOperationReaper)
[2018-03-22 15:12:29,406] INFO [ExpirationReaper-0-Rebalance]: Stopped (kafka.server.DelayedOperationPurgatory$ExpiredOperationReaper)
[2018-03-22 15:12:29,406] INFO [ExpirationReaper-0-Rebalance]: Shutdown completed (kafka.server.DelayedOperationPurgatory$ExpiredOperationReaper)
[2018-03-22 15:12:29,408] INFO [GroupCoordinator 0]: Shutdown complete. (kafka.coordinator.group.GroupCoordinator)
[2018-03-22 15:12:29,409] INFO [ReplicaManager broker=0] Shutting down (kafka.server.ReplicaManager)
[2018-03-22 15:12:29,409] INFO [LogDirFailureHandler]: Shutting down (kafka.server.ReplicaManager$LogDirFailureHandler)
[2018-03-22 15:12:29,410] INFO [LogDirFailureHandler]: Stopped (kafka.server.ReplicaManager$LogDirFailureHandler)
[2018-03-22 15:12:29,410] INFO [LogDirFailureHandler]: Shutdown completed (kafka.server.ReplicaManager$LogDirFailureHandler)
[2018-03-22 15:12:29,410] INFO [ReplicaFetcherManager on broker 0] shutting down (kafka.server.ReplicaFetcherManager)
[2018-03-22 15:12:29,413] INFO [ReplicaFetcherManager on broker 0] shutdown completed (kafka.server.ReplicaFetcherManager)
[2018-03-22 15:12:29,413] INFO [ExpirationReaper-0-Fetch]: Shutting down (kafka.server.DelayedOperationPurgatory$ExpiredOperationReaper)
[2018-03-22 15:12:29,564] INFO [ExpirationReaper-0-Fetch]: Stopped (kafka.server.DelayedOperationPurgatory$ExpiredOperationReaper)
[2018-03-22 15:12:29,565] INFO [ExpirationReaper-0-Fetch]: Shutdown completed (kafka.server.DelayedOperationPurgatory$ExpiredOperationReaper)
[2018-03-22 15:12:29,565] INFO [ExpirationReaper-0-Produce]: Shutting down (kafka.server.DelayedOperationPurgatory$ExpiredOperationReaper)
[2018-03-22 15:12:29,752] INFO [ExpirationReaper-0-Produce]: Stopped (kafka.server.DelayedOperationPurgatory$ExpiredOperationReaper)
[2018-03-22 15:12:29,752] INFO [ExpirationReaper-0-Produce]: Shutdown completed (kafka.server.DelayedOperationPurgatory$ExpiredOperationReaper)
[2018-03-22 15:12:29,752] INFO [ExpirationReaper-0-DeleteRecords]: Shutting down (kafka.server.DelayedOperationPurgatory$ExpiredOperationReaper)
[2018-03-22 15:12:29,956] INFO [ExpirationReaper-0-DeleteRecords]: Stopped (kafka.server.DelayedOperationPurgatory$ExpiredOperationReaper)
[2018-03-22 15:12:29,956] INFO [ExpirationReaper-0-DeleteRecords]: Shutdown completed (kafka.server.DelayedOperationPurgatory$ExpiredOperationReaper)
[2018-03-22 15:12:29,960] INFO [ReplicaManager broker=0] Shut down completely (kafka.server.ReplicaManager)
[2018-03-22 15:12:29,961] INFO Shutting down. (kafka.log.LogManager)
[2018-03-22 15:12:30,000] INFO Shutdown complete. (kafka.log.LogManager)
[2018-03-22 15:12:30,007] INFO Terminate ZkClient event thread. (org.I0Itec.zkclient.ZkEventThread)
[2018-03-22 15:12:30,009] INFO Session: 0x1624f1f87ef0000 closed (org.apache.zookeeper.ZooKeeper)
[2018-03-22 15:12:30,009] INFO [ThrottledRequestReaper-Fetch]: Shutting down (kafka.server.ClientQuotaManager$ThrottledRequestReaper)
[2018-03-22 15:12:30,010] INFO EventThread shut down for session: 0x1624f1f87ef0000 (org.apache.zookeeper.ClientCnxn)
[2018-03-22 15:12:30,073] INFO [ThrottledRequestReaper-Fetch]: Stopped (kafka.server.ClientQuotaManager$ThrottledRequestReaper)
[2018-03-22 15:12:30,073] INFO [ThrottledRequestReaper-Fetch]: Shutdown completed (kafka.server.ClientQuotaManager$ThrottledRequestReaper)
[2018-03-22 15:12:30,074] INFO [ThrottledRequestReaper-Produce]: Shutting down (kafka.server.ClientQuotaManager$ThrottledRequestReaper)
[2018-03-22 15:12:31,074] INFO [ThrottledRequestReaper-Produce]: Stopped (kafka.server.ClientQuotaManager$ThrottledRequestReaper)
[2018-03-22 15:12:31,074] INFO [ThrottledRequestReaper-Produce]: Shutdown completed (kafka.server.ClientQuotaManager$ThrottledRequestReaper)
[2018-03-22 15:12:31,074] INFO [ThrottledRequestReaper-Request]: Shutting down (kafka.server.ClientQuotaManager$ThrottledRequestReaper)
[2018-03-22 15:12:32,077] INFO [ThrottledRequestReaper-Request]: Stopped (kafka.server.ClientQuotaManager$ThrottledRequestReaper)
[2018-03-22 15:12:32,077] INFO [ThrottledRequestReaper-Request]: Shutdown completed (kafka.server.ClientQuotaManager$ThrottledRequestReaper)
[2018-03-22 15:12:32,078] INFO [SocketServer brokerId=0] Shutting down socket server (kafka.network.SocketServer)
[2018-03-22 15:12:32,102] INFO [SocketServer brokerId=0] Shutdown completed (kafka.network.SocketServer)
[2018-03-22 15:12:32,105] INFO [KafkaServer id=0] shut down completed (kafka.server.KafkaServer)
