2018-03-22 14:59:08,112 [myid:] - INFO  [main:QuorumPeerConfig@134] - Reading configuration from: /Users/benjaminbanister/Documents/Projects/kafka/zookeeper-3.4.10/bin/../conf/zoo.cfg
2018-03-22 14:59:08,116 [myid:] - INFO  [main:DatadirCleanupManager@78] - autopurge.snapRetainCount set to 3
2018-03-22 14:59:08,116 [myid:] - INFO  [main:DatadirCleanupManager@79] - autopurge.purgeInterval set to 0
2018-03-22 14:59:08,116 [myid:] - INFO  [main:DatadirCleanupManager@101] - Purge task is not scheduled.
2018-03-22 14:59:08,116 [myid:] - WARN  [main:QuorumPeerMain@113] - Either no config or no quorum defined in config, running  in standalone mode
2018-03-22 14:59:08,126 [myid:] - INFO  [main:QuorumPeerConfig@134] - Reading configuration from: /Users/benjaminbanister/Documents/Projects/kafka/zookeeper-3.4.10/bin/../conf/zoo.cfg
2018-03-22 14:59:08,126 [myid:] - INFO  [main:ZooKeeperServerMain@96] - Starting server
2018-03-22 14:59:08,136 [myid:] - INFO  [main:Environment@100] - Server environment:zookeeper.version=3.4.10-39d3a4f269333c922ed3db283be479f9deacaa0f, built on 03/23/2017 10:13 GMT
2018-03-22 14:59:08,136 [myid:] - INFO  [main:Environment@100] - Server environment:host.name=192.168.120.181
2018-03-22 14:59:08,136 [myid:] - INFO  [main:Environment@100] - Server environment:java.version=1.8.0_144
2018-03-22 14:59:08,136 [myid:] - INFO  [main:Environment@100] - Server environment:java.vendor=Oracle Corporation
2018-03-22 14:59:08,136 [myid:] - INFO  [main:Environment@100] - Server environment:java.home=/Library/Java/JavaVirtualMachines/jdk1.8.0_144.jdk/Contents/Home/jre
2018-03-22 14:59:08,136 [myid:] - INFO  [main:Environment@100] - Server environment:java.class.path=/Users/benjaminbanister/Documents/Projects/kafka/zookeeper-3.4.10/bin/../build/classes:/Users/benjaminbanister/Documents/Projects/kafka/zookeeper-3.4.10/bin/../build/lib/*.jar:/Users/benjaminbanister/Documents/Projects/kafka/zookeeper-3.4.10/bin/../lib/slf4j-log4j12-1.6.1.jar:/Users/benjaminbanister/Documents/Projects/kafka/zookeeper-3.4.10/bin/../lib/slf4j-api-1.6.1.jar:/Users/benjaminbanister/Documents/Projects/kafka/zookeeper-3.4.10/bin/../lib/netty-3.10.5.Final.jar:/Users/benjaminbanister/Documents/Projects/kafka/zookeeper-3.4.10/bin/../lib/log4j-1.2.16.jar:/Users/benjaminbanister/Documents/Projects/kafka/zookeeper-3.4.10/bin/../lib/jline-0.9.94.jar:/Users/benjaminbanister/Documents/Projects/kafka/zookeeper-3.4.10/bin/../zookeeper-3.4.10.jar:/Users/benjaminbanister/Documents/Projects/kafka/zookeeper-3.4.10/bin/../src/java/lib/*.jar:/Users/benjaminbanister/Documents/Projects/kafka/zookeeper-3.4.10/bin/../conf:
2018-03-22 14:59:08,136 [myid:] - INFO  [main:Environment@100] - Server environment:java.library.path=/Users/benjaminbanister/Library/Java/Extensions:/Library/Java/Extensions:/Network/Library/Java/Extensions:/System/Library/Java/Extensions:/usr/lib/java:.
2018-03-22 14:59:08,136 [myid:] - INFO  [main:Environment@100] - Server environment:java.io.tmpdir=/var/folders/zz/zyxvpxvq6csfxvn_n0000000000000/T/
2018-03-22 14:59:08,137 [myid:] - INFO  [main:Environment@100] - Server environment:java.compiler=<NA>
2018-03-22 14:59:08,138 [myid:] - INFO  [main:Environment@100] - Server environment:os.name=Mac OS X
2018-03-22 14:59:08,138 [myid:] - INFO  [main:Environment@100] - Server environment:os.arch=x86_64
2018-03-22 14:59:08,138 [myid:] - INFO  [main:Environment@100] - Server environment:os.version=10.11
2018-03-22 14:59:08,138 [myid:] - INFO  [main:Environment@100] - Server environment:user.name=root
2018-03-22 14:59:08,138 [myid:] - INFO  [main:Environment@100] - Server environment:user.home=/var/root
2018-03-22 14:59:08,138 [myid:] - INFO  [main:Environment@100] - Server environment:user.dir=/Users/benjaminbanister/Documents/Projects/kafka/zookeeper-3.4.10
2018-03-22 14:59:08,143 [myid:] - INFO  [main:ZooKeeperServer@829] - tickTime set to 2000
2018-03-22 14:59:08,143 [myid:] - INFO  [main:ZooKeeperServer@838] - minSessionTimeout set to -1
2018-03-22 14:59:08,143 [myid:] - INFO  [main:ZooKeeperServer@847] - maxSessionTimeout set to -1
2018-03-22 14:59:08,161 [myid:] - INFO  [main:NIOServerCnxnFactory@89] - binding to port 0.0.0.0/0.0.0.0:2181
